This is pdfTeX, Version 3.14159265-2.6-1.40.21 (TeX Live 2020/Debian) (preloaded format=pdflatex 2021.10.31)  20 DEC 2021 14:24
entering extended mode
 restricted \write18 enabled.
 %&-line parsing enabled.
**rapport.tex
(./rapport.tex
LaTeX2e <2020-10-01> patch level 4
L3 programming layer <2021-01-09> xparse <2020-03-03>
(/usr/share/texlive/texmf-dist/tex/latex/base/article.cls
Document Class: article 2020/04/10 v1.4m Standard LaTeX document class
(/usr/share/texlive/texmf-dist/tex/latex/base/size11.clo
File: size11.clo 2020/04/10 v1.4m Standard LaTeX file (size option)
)
\c@part=\count177
\c@section=\count178
\c@subsection=\count179
\c@subsubsection=\count180
\c@paragraph=\count181
\c@subparagraph=\count182
\c@figure=\count183
\c@table=\count184
\abovecaptionskip=\skip47
\belowcaptionskip=\skip48
\bibindent=\dimen138
) (./classeRapport.sty (/usr/share/texlive/texmf-dist/tex/generic/babel/babel.s
ty
Package: babel 2021/01/26 3.53 The Babel package

(/usr/share/texlive/texmf-dist/tex/generic/babel/babel.def
File: babel.def 2021/01/26 3.53 Babel common definitions
\babel@savecnt=\count185
\U@D=\dimen139
\l@babelnohyphens=\language11

(/usr/share/texlive/texmf-dist/tex/generic/babel/txtbabel.def)
\bbl@readstream=\read2
)
\bbl@dirlevel=\count186

(/usr/share/texlive/texmf-dist/tex/generic/babel-english/english.ldf
Language: english 2017/06/06 v3.3r English support from the babel system
Package babel Info: \l@canadian = using hyphenrules for english
(babel)             (\language0) on input line 102.
Package babel Info: \l@australian = using hyphenrules for ukenglish
(babel)             (\language6) on input line 105.
Package babel Info: \l@newzealand = using hyphenrules for ukenglish
(babel)             (\language6) on input line 108.
)
(/usr/share/texlive/texmf-dist/tex/generic/babel-french/french.ldf
Language: french 2020/10/10 v3.5l French support from the babel system
Package babel Info: \l@acadian = using hyphenrules for french
(babel)             (\language9) on input line 91.
Package babel Info: \l@canadien = using hyphenrules for french
(babel)             (\language9) on input line 92.
\FB@nonchar=\count187
Package babel Info: Making : an active character on input line 430.
Package babel Info: Making ; an active character on input line 431.
Package babel Info: Making ! an active character on input line 432.
Package babel Info: Making ? an active character on input line 433.
\FBguill@level=\count188
\FBold@everypar=\toks15
\FB@Mht=\dimen140
\mc@charclass=\count189
\mc@charfam=\count190
\mc@charslot=\count191
\std@mcc=\count192
\dec@mcc=\count193
\listindentFB=\dimen141
\descindentFB=\dimen142
\labelindentFB=\dimen143
\labelwidthFB=\dimen144
\leftmarginFB=\dimen145
\parindentFFN=\dimen146
\FBfnindent=\dimen147
))
(/usr/share/texlive/texmf-dist/tex/latex/carlisle/scalefnt.sty)
(/usr/share/texlive/texmf-dist/tex/latex/graphics/keyval.sty
Package: keyval 2014/10/28 v1.15 key=value parser (DPC)
\KV@toks@=\toks16
)
(/usr/share/texlive/texmf-dist/tex/latex/base/inputenc.sty
Package: inputenc 2020/08/01 v1.3d Input encoding file
\inpenc@prehook=\toks17
\inpenc@posthook=\toks18
)
(/usr/share/texlive/texmf-dist/tex/latex/base/fontenc.sty
Package: fontenc 2020/08/10 v2.0s Standard LaTeX package
)
(/usr/share/texlive/texmf-dist/tex/latex/graphics/graphicx.sty
Package: graphicx 2020/09/09 v1.2b Enhanced LaTeX Graphics (DPC,SPQR)

(/usr/share/texlive/texmf-dist/tex/latex/graphics/graphics.sty
Package: graphics 2020/08/30 v1.4c Standard LaTeX Graphics (DPC,SPQR)

(/usr/share/texlive/texmf-dist/tex/latex/graphics/trig.sty
Package: trig 2016/01/03 v1.10 sin cos tan (DPC)
)
(/usr/share/texlive/texmf-dist/tex/latex/graphics-cfg/graphics.cfg
File: graphics.cfg 2016/06/04 v1.11 sample graphics configuration
)
Package graphics Info: Driver file: pdftex.def on input line 105.

(/usr/share/texlive/texmf-dist/tex/latex/graphics-def/pdftex.def
File: pdftex.def 2020/10/05 v1.2a Graphics/color driver for pdftex
))
\Gin@req@height=\dimen148
\Gin@req@width=\dimen149
)
(/usr/share/texlive/texmf-dist/tex/latex/geometry/geometry.sty
Package: geometry 2020/01/02 v5.9 Page Geometry

(/usr/share/texlive/texmf-dist/tex/generic/iftex/ifvtex.sty
Package: ifvtex 2019/10/25 v1.7 ifvtex legacy package. Use iftex instead.

(/usr/share/texlive/texmf-dist/tex/generic/iftex/iftex.sty
Package: iftex 2020/03/06 v1.0d TeX engine tests
))
\Gm@cnth=\count194
\Gm@cntv=\count195
\c@Gm@tempcnt=\count196
\Gm@bindingoffset=\dimen150
\Gm@wd@mp=\dimen151
\Gm@odd@mp=\dimen152
\Gm@even@mp=\dimen153
\Gm@layoutwidth=\dimen154
\Gm@layoutheight=\dimen155
\Gm@layouthoffset=\dimen156
\Gm@layoutvoffset=\dimen157
\Gm@dimlist=\toks19
)
(/usr/share/texlive/texmf-dist/tex/latex/fancyhdr/fancyhdr.sty
Package: fancyhdr 2021/01/04 v4.0 Extensive control of page headers and footers

\f@nch@headwidth=\skip49
\f@nch@O@elh=\skip50
\f@nch@O@erh=\skip51
\f@nch@O@olh=\skip52
\f@nch@O@orh=\skip53
\f@nch@O@elf=\skip54
\f@nch@O@erf=\skip55
\f@nch@O@olf=\skip56
\f@nch@O@orf=\skip57
)
(/usr/share/texlive/texmf-dist/tex/latex/graphics/color.sty
Package: color 2020/02/24 v1.2b Standard LaTeX Color (DPC)

(/usr/share/texlive/texmf-dist/tex/latex/graphics-cfg/color.cfg
File: color.cfg 2016/01/02 v1.6 sample color configuration
)
Package color Info: Driver file: pdftex.def on input line 147.
)
(/usr/share/texlive/texmf-dist/tex/latex/listings/listings.sty
\lst@mode=\count197
\lst@gtempboxa=\box47
\lst@token=\toks20
\lst@length=\count198
\lst@currlwidth=\dimen158
\lst@column=\count199
\lst@pos=\count266
\lst@lostspace=\dimen159
\lst@width=\dimen160
\lst@newlines=\count267
\lst@lineno=\count268
\lst@maxwidth=\dimen161

(/usr/share/texlive/texmf-dist/tex/latex/listings/lstmisc.sty
File: lstmisc.sty 2020/03/24 1.8d (Carsten Heinz)
\c@lstnumber=\count269
\lst@skipnumbers=\count270
\lst@framebox=\box48
)
(/usr/share/texlive/texmf-dist/tex/latex/listings/listings.cfg
File: listings.cfg 2020/03/24 1.8d listings configuration
))
Package: listings 2020/03/24 1.8d (Carsten Heinz)

(/usr/share/texlive/texmf-dist/tex/latex/moreverb/moreverb.sty
Package: moreverb 2008/06/03 v2.3a `more' verbatim facilities

(/usr/share/texlive/texmf-dist/tex/latex/tools/verbatim.sty
Package: verbatim 2020-07-07 v1.5u LaTeX2e package for verbatim enhancements
\every@verbatim=\toks21
\verbatim@line=\toks22
\verbatim@in@stream=\read3
)
\tab@position=\count271
\tab@size=\count272
\listing@line=\count273
)
(/usr/share/texlive/texmf-dist/tex/latex/hyperref/hyperref.sty
Package: hyperref 2020-05-15 v7.00e Hypertext links for LaTeX

(/usr/share/texlive/texmf-dist/tex/generic/ltxcmds/ltxcmds.sty
Package: ltxcmds 2020-05-10 v1.25 LaTeX kernel commands for general use (HO)
)
(/usr/share/texlive/texmf-dist/tex/generic/pdftexcmds/pdftexcmds.sty
Package: pdftexcmds 2020-06-27 v0.33 Utility functions of pdfTeX for LuaTeX (HO
)

(/usr/share/texlive/texmf-dist/tex/generic/infwarerr/infwarerr.sty
Package: infwarerr 2019/12/03 v1.5 Providing info/warning/error messages (HO)
)
Package pdftexcmds Info: \pdf@primitive is available.
Package pdftexcmds Info: \pdf@ifprimitive is available.
Package pdftexcmds Info: \pdfdraftmode found.
)
(/usr/share/texlive/texmf-dist/tex/generic/kvsetkeys/kvsetkeys.sty
Package: kvsetkeys 2019/12/15 v1.18 Key value parser (HO)
)
(/usr/share/texlive/texmf-dist/tex/generic/kvdefinekeys/kvdefinekeys.sty
Package: kvdefinekeys 2019-12-19 v1.6 Define keys (HO)
)
(/usr/share/texlive/texmf-dist/tex/generic/pdfescape/pdfescape.sty
Package: pdfescape 2019/12/09 v1.15 Implements pdfTeX's escape features (HO)
)
(/usr/share/texlive/texmf-dist/tex/latex/hycolor/hycolor.sty
Package: hycolor 2020-01-27 v1.10 Color options for hyperref/bookmark (HO)
)
(/usr/share/texlive/texmf-dist/tex/latex/letltxmacro/letltxmacro.sty
Package: letltxmacro 2019/12/03 v1.6 Let assignment for LaTeX macros (HO)
)
(/usr/share/texlive/texmf-dist/tex/latex/auxhook/auxhook.sty
Package: auxhook 2019-12-17 v1.6 Hooks for auxiliary files (HO)
)
(/usr/share/texlive/texmf-dist/tex/latex/kvoptions/kvoptions.sty
Package: kvoptions 2020-10-07 v3.14 Key value format for package options (HO)
)
\@linkdim=\dimen162
\Hy@linkcounter=\count274
\Hy@pagecounter=\count275

(/usr/share/texlive/texmf-dist/tex/latex/hyperref/pd1enc.def
File: pd1enc.def 2020-05-15 v7.00e Hyperref: PDFDocEncoding definition (HO)
Now handling font encoding PD1 ...
... no UTF-8 mapping file for font encoding PD1
)
(/usr/share/texlive/texmf-dist/tex/generic/intcalc/intcalc.sty
Package: intcalc 2019/12/15 v1.3 Expandable calculations with integers (HO)
)
(/usr/share/texlive/texmf-dist/tex/generic/etexcmds/etexcmds.sty
Package: etexcmds 2019/12/15 v1.7 Avoid name clashes with e-TeX commands (HO)
)
\Hy@SavedSpaceFactor=\count276
Package hyperref Info: Hyper figures OFF on input line 4464.
Package hyperref Info: Link nesting OFF on input line 4469.
Package hyperref Info: Hyper index ON on input line 4472.
Package hyperref Info: Plain pages OFF on input line 4479.
Package hyperref Info: Backreferencing OFF on input line 4484.
Package hyperref Info: Implicit mode ON; LaTeX internals redefined.
Package hyperref Info: Bookmarks ON on input line 4717.
\c@Hy@tempcnt=\count277

(/usr/share/texlive/texmf-dist/tex/latex/url/url.sty
\Urlmuskip=\muskip16
Package: url 2013/09/16  ver 3.4  Verb mode for urls, etc.
)
LaTeX Info: Redefining \url on input line 5076.
\XeTeXLinkMargin=\dimen163

(/usr/share/texlive/texmf-dist/tex/generic/bitset/bitset.sty
Package: bitset 2019/12/09 v1.3 Handle bit-vector datatype (HO)

(/usr/share/texlive/texmf-dist/tex/generic/bigintcalc/bigintcalc.sty
Package: bigintcalc 2019/12/15 v1.5 Expandable calculations on big integers (HO
)
))
\Fld@menulength=\count278
\Field@Width=\dimen164
\Fld@charsize=\dimen165
Package hyperref Info: Hyper figures OFF on input line 6347.
Package hyperref Info: Link nesting OFF on input line 6352.
Package hyperref Info: Hyper index ON on input line 6355.
Package hyperref Info: backreferencing OFF on input line 6362.
Package hyperref Info: Link coloring OFF on input line 6367.
Package hyperref Info: Link coloring with OCG OFF on input line 6372.
Package hyperref Info: PDF/A mode OFF on input line 6377.
LaTeX Info: Redefining \ref on input line 6417.
LaTeX Info: Redefining \pageref on input line 6421.

(/usr/share/texlive/texmf-dist/tex/latex/base/atbegshi-ltx.sty
Package: atbegshi-ltx 2020/08/17 v1.0a Emulation of the original atbegshi packa
ge
with kernel methods
)
\Hy@abspage=\count279
\c@Item=\count280
\c@Hfootnote=\count281
)
Package hyperref Info: Driver (autodetected): hpdftex.

(/usr/share/texlive/texmf-dist/tex/latex/hyperref/hpdftex.def
File: hpdftex.def 2020-05-15 v7.00e Hyperref driver for pdfTeX

(/usr/share/texlive/texmf-dist/tex/latex/base/atveryend-ltx.sty
Package: atveryend-ltx 2020/08/19 v1.0a Emulation of the original atvery packag
e
with kernel methods
)
\Fld@listcount=\count282
\c@bookmark@seq@number=\count283

(/usr/share/texlive/texmf-dist/tex/latex/rerunfilecheck/rerunfilecheck.sty
Package: rerunfilecheck 2019/12/05 v1.9 Rerun checks for auxiliary files (HO)

(/usr/share/texlive/texmf-dist/tex/generic/uniquecounter/uniquecounter.sty
Package: uniquecounter 2019/12/15 v1.4 Provide unlimited unique counter (HO)
)
Package uniquecounter Info: New unique counter `rerunfilecheck' on input line 2
86.
)
\Hy@SectionHShift=\skip58
))
(./algorithmeUTF8.sty

LaTeX Warning: You have requested package `algorithmeUTF8',
               but the package provides `algorithme'.

Package: algorithme 2002/12/22 package algorithme
(/usr/share/texlive/texmf-dist/tex/latex/tools/calc.sty
Package: calc 2017/05/25 v4.3 Infix arithmetic (KKT,FJ)
\calc@Acount=\count284
\calc@Bcount=\count285
\calc@Adimen=\dimen166
\calc@Bdimen=\dimen167
\calc@Askip=\skip59
\calc@Bskip=\skip60
LaTeX Info: Redefining \setlength on input line 80.
LaTeX Info: Redefining \addtolength on input line 81.
\calc@Ccount=\count286
\calc@Cskip=\skip61
)
(/usr/share/texlive/texmf-dist/tex/latex/amsfonts/amssymb.sty
Package: amssymb 2013/01/14 v3.01 AMS font symbols

(/usr/share/texlive/texmf-dist/tex/latex/amsfonts/amsfonts.sty
Package: amsfonts 2013/01/14 v3.01 Basic AMSFonts support
\@emptytoks=\toks23
\symAMSa=\mathgroup4
\symAMSb=\mathgroup5
LaTeX Font Info:    Redeclaring math symbol \hbar on input line 98.
LaTeX Font Info:    Overwriting math alphabet `\mathfrak' in version `bold'
(Font)                  U/euf/m/n --> U/euf/b/n on input line 106.
)))
(/usr/share/texlive/texmf-dist/tex/latex/graphics/lscape.sty
Package: lscape 2020/05/28 v3.02 Landscape Pages (DPC)
)
(/usr/share/texlive/texmf-dist/tex/latex/xcolor/xcolor.sty
Package: xcolor 2016/05/11 v2.12 LaTeX color extensions (UK)

(/usr/share/texlive/texmf-dist/tex/latex/graphics-cfg/color.cfg
File: color.cfg 2016/01/02 v1.6 sample color configuration
)
Package xcolor Info: Driver file: pdftex.def on input line 225.
LaTeX Info: Redefining \color on input line 709.
Package xcolor Info: Model `cmy' substituted by `cmy0' on input line 1348.
Package xcolor Info: Model `hsb' substituted by `rgb' on input line 1352.
Package xcolor Info: Model `RGB' extended on input line 1364.
Package xcolor Info: Model `HTML' substituted by `rgb' on input line 1366.
Package xcolor Info: Model `Hsb' substituted by `hsb' on input line 1367.
Package xcolor Info: Model `tHsb' substituted by `hsb' on input line 1368.
Package xcolor Info: Model `HSB' substituted by `hsb' on input line 1369.
Package xcolor Info: Model `Gray' substituted by `gray' on input line 1370.
Package xcolor Info: Model `wave' substituted by `hsb' on input line 1371.
)
(/usr/share/texlive/texmf-dist/tex/latex/listings/lstlang1.sty
File: lstlang1.sty 2020/03/24 1.8d listings language file
)
(/usr/share/texlive/texmf-dist/tex/latex/listings/lstmisc.sty
File: lstmisc.sty 2020/03/24 1.8d (Carsten Heinz)
)
(/usr/share/texlive/texmf-dist/tex/latex/l3backend/l3backend-pdftex.def
File: l3backend-pdftex.def 2020-01-29 L3 backend support: PDF output (pdfTeX)
\l__color_backend_stack_int=\count287
\l__pdf_internal_box=\box49
)
(./rapport.aux (./introduction.aux) (./analyse/analyse.aux)
(./conceptionPreliminaire/conceptionPreliminaire.aux)
(./conceptionDetaille/conceptionDetaille.aux) (./code/code.aux)
(./conclusion/conclusion.aux))
\openout1 = `rapport.aux'.

LaTeX Font Info:    Checking defaults for OML/cmm/m/it on input line 34.
LaTeX Font Info:    ... okay on input line 34.
LaTeX Font Info:    Checking defaults for OMS/cmsy/m/n on input line 34.
LaTeX Font Info:    ... okay on input line 34.
LaTeX Font Info:    Checking defaults for OT1/cmr/m/n on input line 34.
LaTeX Font Info:    ... okay on input line 34.
LaTeX Font Info:    Checking defaults for T1/cmr/m/n on input line 34.
LaTeX Font Info:    ... okay on input line 34.
LaTeX Font Info:    Checking defaults for TS1/cmr/m/n on input line 34.
LaTeX Font Info:    ... okay on input line 34.
LaTeX Font Info:    Checking defaults for OMX/cmex/m/n on input line 34.
LaTeX Font Info:    ... okay on input line 34.
LaTeX Font Info:    Checking defaults for U/cmr/m/n on input line 34.
LaTeX Font Info:    ... okay on input line 34.
LaTeX Font Info:    Checking defaults for PD1/pdf/m/n on input line 34.
LaTeX Font Info:    ... okay on input line 34.
LaTeX Info: Redefining \degres on input line 34.
LaTeX Info: Redefining \dots on input line 34.
LaTeX Info: Redefining \up on input line 34.

(/usr/share/texlive/texmf-dist/tex/context/base/mkii/supp-pdf.mkii
[Loading MPS to PDF converter (version 2006.09.02).]
\scratchcounter=\count288
\scratchdimen=\dimen168
\scratchbox=\box50
\nofMPsegments=\count289
\nofMParguments=\count290
\everyMPshowfont=\toks24
\MPscratchCnt=\count291
\MPscratchDim=\dimen169
\MPnumerator=\count292
\makeMPintoPDFobject=\count293
\everyMPtoPDFconversion=\toks25
) (/usr/share/texlive/texmf-dist/tex/latex/epstopdf-pkg/epstopdf-base.sty
Package: epstopdf-base 2020-01-24 v2.11 Base part for package epstopdf
Package epstopdf-base Info: Redefining graphics rule for `.eps' on input line 4
85.

(/usr/share/texlive/texmf-dist/tex/latex/latexconfig/epstopdf-sys.cfg
File: epstopdf-sys.cfg 2010/07/13 v1.3 Configuration of (r)epstopdf for TeX Liv
e
))
*geometry* driver: auto-detecting
*geometry* detected driver: pdftex
*geometry* verbose mode - [ preamble ] result:
* driver: pdftex
* paper: a4paper
* layout: <same size as paper>
* layoutoffset:(h,v)=(0.0pt,0.0pt)
* modes: 
* h-part:(L,W,R)=(56.9055pt, 483.69687pt, 56.9055pt)
* v-part:(T,H,B)=(133.72786pt, 569.0552pt, 142.26378pt)
* \paperwidth=597.50787pt
* \paperheight=845.04684pt
* \textwidth=483.69687pt
* \textheight=569.0552pt
* \oddsidemargin=-15.36449pt
* \evensidemargin=-15.36449pt
* \topmargin=24.45787pt
* \headheight=12.0pt
* \headsep=25.0pt
* \topskip=11.0pt
* \footskip=30.0pt
* \marginparwidth=50.0pt
* \marginparsep=10.0pt
* \columnsep=10.0pt
* \skip\footins=10.0pt plus 4.0pt minus 2.0pt
* \hoffset=0.0pt
* \voffset=0.0pt
* \mag=1000
* \@twocolumnfalse
* \@twosidefalse
* \@mparswitchfalse
* \@reversemarginfalse
* (1in=72.27pt=25.4mm, 1cm=28.453pt)

\c@lstlisting=\count294
Package hyperref Info: Link coloring OFF on input line 34.
(/usr/share/texlive/texmf-dist/tex/latex/hyperref/nameref.sty
Package: nameref 2019/09/16 v2.46 Cross-referencing by name of section

(/usr/share/texlive/texmf-dist/tex/latex/refcount/refcount.sty
Package: refcount 2019/12/15 v3.6 Data extraction from label references (HO)
)
(/usr/share/texlive/texmf-dist/tex/generic/gettitlestring/gettitlestring.sty
Package: gettitlestring 2019/12/15 v1.6 Cleanup title references (HO)
)
\c@section@level=\count295
)
LaTeX Info: Redefining \ref on input line 34.
LaTeX Info: Redefining \pageref on input line 34.
LaTeX Info: Redefining \nameref on input line 34.

(./rapport.out) (./rapport.out)
\@outlinefile=\write3
\openout3 = `rapport.out'.

<images/rien.png, id=176, 597.23125pt x 597.23125pt>
File: images/rien.png Graphic file (type png)
<use images/rien.png>
Package pdftex.def Info: images/rien.png  used on input line 45.
(pdftex.def)             Requested size: 459.51054pt x 459.51407pt.
<images/INSALogo.pdf, id=177, 682.55pt x 174.6525pt>
File: images/INSALogo.pdf Graphic file (type pdf)
<use images/INSALogo.pdf>
Package pdftex.def Info: images/INSALogo.pdf  used on input line 45.
(pdftex.def)             Requested size: 284.52756pt x 72.80722pt.
Package epstopdf Info: Source file: <images/Volutes1.eps>
(epstopdf)                    date: 2021-12-20 12:23:40
(epstopdf)                    size: 3343 bytes
(epstopdf)             Output file: <images/Volutes1-eps-converted-to.pdf>
(epstopdf)                    date: 2021-12-20 12:23:40
(epstopdf)                    size: 2840 bytes
(epstopdf)             Command: <repstopdf --outfile=images/Volutes1-eps-conver
ted-to.pdf images/Volutes1.eps>
(epstopdf)             \includegraphics on input line 45.
Package epstopdf Info: Output file is already uptodate.
<images/Volutes1-eps-converted-to.pdf, id=178, 534.99875pt x 253.94875pt>
File: images/Volutes1-eps-converted-to.pdf Graphic file (type pdf)
<use images/Volutes1-eps-converted-to.pdf>
Package pdftex.def Info: images/Volutes1-eps-converted-to.pdf  used on input li
ne 45.
(pdftex.def)             Requested size: 853.58267pt x 405.21417pt.
Package epstopdf Info: Source file: <images/Volutes1Top.eps>
(epstopdf)                    date: 2021-12-20 12:23:40
(epstopdf)                    size: 2356 bytes
(epstopdf)             Output file: <images/Volutes1Top-eps-converted-to.pdf>
(epstopdf)                    date: 2021-12-20 12:23:40
(epstopdf)                    size: 2413 bytes
(epstopdf)             Command: <repstopdf --outfile=images/Volutes1Top-eps-con
verted-to.pdf images/Volutes1Top.eps>
(epstopdf)             \includegraphics on input line 45.
Package epstopdf Info: Output file is already uptodate.
<images/Volutes1Top-eps-converted-to.pdf, id=179, 531.9875pt x 79.29625pt>
File: images/Volutes1Top-eps-converted-to.pdf Graphic file (type pdf)
<use images/Volutes1Top-eps-converted-to.pdf>
Package pdftex.def Info: images/Volutes1Top-eps-converted-to.pdf  used on input
 line 45.
(pdftex.def)             Requested size: 597.50787pt x 89.0701pt.


Package xcolor Warning: Incompatible color definition on input line 45.

LaTeX Font Info:    Trying to load font information for U+msa on input line 45.

(/usr/share/texlive/texmf-dist/tex/latex/amsfonts/umsa.fd
File: umsa.fd 2013/01/14 v3.01 AMS symbols A
)
LaTeX Font Info:    Trying to load font information for U+msb on input line 45.


(/usr/share/texlive/texmf-dist/tex/latex/amsfonts/umsb.fd
File: umsb.fd 2013/01/14 v3.01 AMS symbols B
)

Package xcolor Warning: Incompatible color definition on input line 45.


Package xcolor Warning: Incompatible color definition on input line 45.

[1

{/var/lib/texmf/fonts/map/pdftex/updmap/pdftex.map} <./images/rien.png> <./imag
es/INSALogo.pdf> <./images/Volutes1-eps-converted-to.pdf> <./images/Volutes1Top
-eps-converted-to.pdf>]

Package fancyhdr Warning: \fancyhead's `E' option without twoside option is use
less on input line 47.


Package fancyhdr Warning: \fancyhead's `E' option without twoside option is use
less on input line 47.


Package fancyhdr Warning: \fancyhead's `E' option without twoside option is use
less on input line 47.


Package fancyhdr Warning: \fancyfoot's `E' option without twoside option is use
less on input line 47.


Package fancyhdr Warning: \fancyfoot's `E' option without twoside option is use
less on input line 47.


Package fancyhdr Warning: \fancyfoot's `E' option without twoside option is use
less on input line 47.

(./rapport.toc
Package epstopdf Info: Source file: <images/bandeau_cyan_top.eps>
(epstopdf)                    date: 2021-12-20 12:23:40
(epstopdf)                    size: 3487 bytes
(epstopdf)             Output file: <images/bandeau_cyan_top-eps-converted-to.p
df>
(epstopdf)                    date: 2021-12-20 12:23:40
(epstopdf)                    size: 2966 bytes
(epstopdf)             Command: <repstopdf --outfile=images/bandeau_cyan_top-ep
s-converted-to.pdf images/bandeau_cyan_top.eps>
(epstopdf)             \includegraphics on input line 47.
Package epstopdf Info: Output file is already uptodate.
<images/bandeau_cyan_top-eps-converted-to.pdf, id=232, 983.675pt x 218.8175pt>
File: images/bandeau_cyan_top-eps-converted-to.pdf Graphic file (type pdf)
<use images/bandeau_cyan_top-eps-converted-to.pdf>
Package pdftex.def Info: images/bandeau_cyan_top-eps-converted-to.pdf  used on 
input line 47.
(pdftex.def)             Requested size: 600.35315pt x 133.55193pt.
<images/INSALogoBlanc.pdf, id=233, 656.70847pt x 171.91928pt>
File: images/INSALogoBlanc.pdf Graphic file (type pdf)
<use images/INSALogoBlanc.pdf>
Package pdftex.def Info: images/INSALogoBlanc.pdf  used on input line 47.
(pdftex.def)             Requested size: 142.26378pt x 37.2426pt.


Package fancyhdr Warning: \headheight is too small (12.0pt): 
(fancyhdr)                Make it at least 13.59999pt, for example:
(fancyhdr)                \setlength{\headheight}{13.59999pt}.
(fancyhdr)                You might also make \topmargin smaller to compensate:

(fancyhdr)                \addtolength{\topmargin}{-1.59999pt}.


Package xcolor Warning: Incompatible color definition on input line 47.

File: images/INSALogo.pdf Graphic file (type pdf)
<use images/INSALogo.pdf>
Package pdftex.def Info: images/INSALogo.pdf  used on input line 47.
(pdftex.def)             Requested size: 194.59126pt x 49.79231pt.
File: images/rien.png Graphic file (type png)
<use images/rien.png>
Package pdftex.def Info: images/rien.png  used on input line 47.
(pdftex.def)             Requested size: 49.78433pt x 49.79231pt.
Package epstopdf Info: Source file: <images/Volutes3Bottom.eps>
(epstopdf)                    date: 2021-12-20 12:23:40
(epstopdf)                    size: 3195 bytes
(epstopdf)             Output file: <images/Volutes3Bottom-eps-converted-to.pdf
>
(epstopdf)                    date: 2021-12-20 12:23:40
(epstopdf)                    size: 2763 bytes
(epstopdf)             Command: <repstopdf --outfile=images/Volutes3Bottom-eps-
converted-to.pdf images/Volutes3Bottom.eps>
(epstopdf)             \includegraphics on input line 47.
Package epstopdf Info: Output file is already uptodate.
<images/Volutes3Bottom-eps-converted-to.pdf, id=234, 484.81125pt x 105.39375pt>

File: images/Volutes3Bottom-eps-converted-to.pdf Graphic file (type pdf)
<use images/Volutes3Bottom-eps-converted-to.pdf>
Package pdftex.def Info: images/Volutes3Bottom-eps-converted-to.pdf  used on in
put line 47.
(pdftex.def)             Requested size: 711.3189pt x 154.65353pt.
[2 <./images/bandeau_cyan_top-eps-converted-to.pdf> <./images/INSALogoBlanc.pdf
> <./images/Volutes3Bottom-eps-converted-to.pdf>])
\tf@toc=\write4
\openout4 = `rapport.toc'.

Package epstopdf Info: Source file: <images/bandeau_cyan_top.eps>
(epstopdf)                    date: 2021-12-20 12:23:40
(epstopdf)                    size: 3487 bytes
(epstopdf)             Output file: <images/bandeau_cyan_top-eps-converted-to.p
df>
(epstopdf)                    date: 2021-12-20 12:23:40
(epstopdf)                    size: 2966 bytes
(epstopdf)             Command: <repstopdf --outfile=images/bandeau_cyan_top-ep
s-converted-to.pdf images/bandeau_cyan_top.eps>
(epstopdf)             \includegraphics on input line 51.
Package epstopdf Info: Output file is already uptodate.
File: images/bandeau_cyan_top-eps-converted-to.pdf Graphic file (type pdf)
<use images/bandeau_cyan_top-eps-converted-to.pdf>
Package pdftex.def Info: images/bandeau_cyan_top-eps-converted-to.pdf  used on 
input line 51.
(pdftex.def)             Requested size: 600.35315pt x 133.55193pt.
File: images/INSALogoBlanc.pdf Graphic file (type pdf)
<use images/INSALogoBlanc.pdf>
Package pdftex.def Info: images/INSALogoBlanc.pdf  used on input line 51.
(pdftex.def)             Requested size: 142.26378pt x 37.2426pt.


Package fancyhdr Warning: \headheight is too small (12.0pt): 
(fancyhdr)                Make it at least 13.59999pt, for example:
(fancyhdr)                \setlength{\headheight}{13.59999pt}.
(fancyhdr)                You might also make \topmargin smaller to compensate:

(fancyhdr)                \addtolength{\topmargin}{-1.59999pt}.


Package xcolor Warning: Incompatible color definition on input line 51.

File: images/INSALogo.pdf Graphic file (type pdf)
<use images/INSALogo.pdf>
Package pdftex.def Info: images/INSALogo.pdf  used on input line 51.
(pdftex.def)             Requested size: 194.59126pt x 49.79231pt.
File: images/rien.png Graphic file (type png)
<use images/rien.png>
Package pdftex.def Info: images/rien.png  used on input line 51.
(pdftex.def)             Requested size: 49.78433pt x 49.79231pt.
Package epstopdf Info: Source file: <images/Volutes3Bottom.eps>
(epstopdf)                    date: 2021-12-20 12:23:40
(epstopdf)                    size: 3195 bytes
(epstopdf)             Output file: <images/Volutes3Bottom-eps-converted-to.pdf
>
(epstopdf)                    date: 2021-12-20 12:23:40
(epstopdf)                    size: 2763 bytes
(epstopdf)             Command: <repstopdf --outfile=images/Volutes3Bottom-eps-
converted-to.pdf images/Volutes3Bottom.eps>
(epstopdf)             \includegraphics on input line 51.
Package epstopdf Info: Output file is already uptodate.
File: images/Volutes3Bottom-eps-converted-to.pdf Graphic file (type pdf)
<use images/Volutes3Bottom-eps-converted-to.pdf>
Package pdftex.def Info: images/Volutes3Bottom-eps-converted-to.pdf  used on in
put line 51.
(pdftex.def)             Requested size: 711.3189pt x 154.65353pt.
[3]
\openout2 = `introduction.aux'.

 (./introduction.tex
Underfull \hbox (badness 10000) in paragraph at lines 3--5

 []


Underfull \hbox (badness 10000) in paragraph at lines 3--5

 []


Underfull \hbox (badness 10000) in paragraph at lines 6--8

 []


Underfull \hbox (badness 10000) in paragraph at lines 6--8

 []

(/usr/share/texlive/texmf-dist/tex/latex/listings/lstlang1.sty
File: lstlang1.sty 2020/03/24 1.8d listings language file
)
(/usr/share/texlive/texmf-dist/tex/latex/listings/lstlang1.sty
File: lstlang1.sty 2020/03/24 1.8d listings language file
)
Underfull \hbox (badness 10000) in paragraph at lines 45--48

 []


Underfull \hbox (badness 10000) in paragraph at lines 45--48

 []


Underfull \hbox (badness 10000) in paragraph at lines 49--55

 []

Package epstopdf Info: Source file: <images/bandeau_cyan_top.eps>
(epstopdf)                    date: 2021-12-20 12:23:40
(epstopdf)                    size: 3487 bytes
(epstopdf)             Output file: <images/bandeau_cyan_top-eps-converted-to.p
df>
(epstopdf)                    date: 2021-12-20 12:23:40
(epstopdf)                    size: 2966 bytes
(epstopdf)             Command: <repstopdf --outfile=images/bandeau_cyan_top-ep
s-converted-to.pdf images/bandeau_cyan_top.eps>
(epstopdf)             \includegraphics on input line 55.
Package epstopdf Info: Output file is already uptodate.
File: images/bandeau_cyan_top-eps-converted-to.pdf Graphic file (type pdf)
<use images/bandeau_cyan_top-eps-converted-to.pdf>
Package pdftex.def Info: images/bandeau_cyan_top-eps-converted-to.pdf  used on 
input line 55.
(pdftex.def)             Requested size: 600.35315pt x 133.55193pt.
File: images/INSALogoBlanc.pdf Graphic file (type pdf)
<use images/INSALogoBlanc.pdf>
Package pdftex.def Info: images/INSALogoBlanc.pdf  used on input line 55.
(pdftex.def)             Requested size: 142.26378pt x 37.2426pt.

Package fancyhdr Warning: \headheight is too small (12.0pt): 
(fancyhdr)                Make it at least 13.59999pt, for example:
(fancyhdr)                \setlength{\headheight}{13.59999pt}.
(fancyhdr)                You might also make \topmargin smaller to compensate:

(fancyhdr)                \addtolength{\topmargin}{-1.59999pt}.


Package xcolor Warning: Incompatible color definition on input line 55.

File: images/INSALogo.pdf Graphic file (type pdf)
<use images/INSALogo.pdf>
Package pdftex.def Info: images/INSALogo.pdf  used on input line 55.
(pdftex.def)             Requested size: 194.59126pt x 49.79231pt.
File: images/rien.png Graphic file (type png)
<use images/rien.png>
Package pdftex.def Info: images/rien.png  used on input line 55.
(pdftex.def)             Requested size: 49.78433pt x 49.79231pt.
Package epstopdf Info: Source file: <images/Volutes3Bottom.eps>
(epstopdf)                    date: 2021-12-20 12:23:40
(epstopdf)                    size: 3195 bytes
(epstopdf)             Output file: <images/Volutes3Bottom-eps-converted-to.pdf
>
(epstopdf)                    date: 2021-12-20 12:23:40
(epstopdf)                    size: 2763 bytes
(epstopdf)             Command: <repstopdf --outfile=images/Volutes3Bottom-eps-
converted-to.pdf images/Volutes3Bottom.eps>
(epstopdf)             \includegraphics on input line 55.
Package epstopdf Info: Output file is already uptodate.
File: images/Volutes3Bottom-eps-converted-to.pdf Graphic file (type pdf)
<use images/Volutes3Bottom-eps-converted-to.pdf>
Package pdftex.def Info: images/Volutes3Bottom-eps-converted-to.pdf  used on in
put line 55.
(pdftex.def)             Requested size: 711.3189pt x 154.65353pt.
[4

]
Underfull \hbox (badness 10000) in paragraph at lines 58--59

 []

Package epstopdf Info: Source file: <images/bandeau_cyan_top.eps>
(epstopdf)                    date: 2021-12-20 12:23:40
(epstopdf)                    size: 3487 bytes
(epstopdf)             Output file: <images/bandeau_cyan_top-eps-converted-to.p
df>
(epstopdf)                    date: 2021-12-20 12:23:40
(epstopdf)                    size: 2966 bytes
(epstopdf)             Command: <repstopdf --outfile=images/bandeau_cyan_top-ep
s-converted-to.pdf images/bandeau_cyan_top.eps>
(epstopdf)             \includegraphics on input line 107.
Package epstopdf Info: Output file is already uptodate.
File: images/bandeau_cyan_top-eps-converted-to.pdf Graphic file (type pdf)
<use images/bandeau_cyan_top-eps-converted-to.pdf>
Package pdftex.def Info: images/bandeau_cyan_top-eps-converted-to.pdf  used on 
input line 107.
(pdftex.def)             Requested size: 600.35315pt x 133.55193pt.
File: images/INSALogoBlanc.pdf Graphic file (type pdf)
<use images/INSALogoBlanc.pdf>
Package pdftex.def Info: images/INSALogoBlanc.pdf  used on input line 107.
(pdftex.def)             Requested size: 142.26378pt x 37.2426pt.

Package fancyhdr Warning: \headheight is too small (12.0pt): 
(fancyhdr)                Make it at least 13.59999pt, for example:
(fancyhdr)                \setlength{\headheight}{13.59999pt}.
(fancyhdr)                You might also make \topmargin smaller to compensate:

(fancyhdr)                \addtolength{\topmargin}{-1.59999pt}.


Package xcolor Warning: Incompatible color definition on input line 107.

File: images/INSALogo.pdf Graphic file (type pdf)
<use images/INSALogo.pdf>
Package pdftex.def Info: images/INSALogo.pdf  used on input line 107.
(pdftex.def)             Requested size: 194.59126pt x 49.79231pt.
File: images/rien.png Graphic file (type png)
<use images/rien.png>
Package pdftex.def Info: images/rien.png  used on input line 107.
(pdftex.def)             Requested size: 49.78433pt x 49.79231pt.
Package epstopdf Info: Source file: <images/Volutes3Bottom.eps>
(epstopdf)                    date: 2021-12-20 12:23:40
(epstopdf)                    size: 3195 bytes
(epstopdf)             Output file: <images/Volutes3Bottom-eps-converted-to.pdf
>
(epstopdf)                    date: 2021-12-20 12:23:40
(epstopdf)                    size: 2763 bytes
(epstopdf)             Command: <repstopdf --outfile=images/Volutes3Bottom-eps-
converted-to.pdf images/Volutes3Bottom.eps>
(epstopdf)             \includegraphics on input line 107.
Package epstopdf Info: Output file is already uptodate.
File: images/Volutes3Bottom-eps-converted-to.pdf Graphic file (type pdf)
<use images/Volutes3Bottom-eps-converted-to.pdf>
Package pdftex.def Info: images/Volutes3Bottom-eps-converted-to.pdf  used on in
put line 107.
(pdftex.def)             Requested size: 711.3189pt x 154.65353pt.
[5]
Underfull \hbox (badness 10000) in paragraph at lines 110--113

 []


Underfull \hbox (badness 10000) in paragraph at lines 110--113

 []


Underfull \hbox (badness 10000) in paragraph at lines 115--118

 []


Underfull \hbox (badness 10000) in paragraph at lines 115--118

 []


Underfull \hbox (badness 10000) in paragraph at lines 120--121

 []


Underfull \hbox (badness 10000) in paragraph at lines 123--124

 []


Underfull \hbox (badness 10000) in paragraph at lines 126--127

 []


Underfull \hbox (badness 10000) in paragraph at lines 133--134

 []


Underfull \hbox (badness 10000) in paragraph at lines 134--135

 []

Package epstopdf Info: Source file: <images/bandeau_cyan_top.eps>
(epstopdf)                    date: 2021-12-20 12:23:40
(epstopdf)                    size: 3487 bytes
(epstopdf)             Output file: <images/bandeau_cyan_top-eps-converted-to.p
df>
(epstopdf)                    date: 2021-12-20 12:23:40
(epstopdf)                    size: 2966 bytes
(epstopdf)             Command: <repstopdf --outfile=images/bandeau_cyan_top-ep
s-converted-to.pdf images/bandeau_cyan_top.eps>
(epstopdf)             \includegraphics on input line 135.
Package epstopdf Info: Output file is already uptodate.
File: images/bandeau_cyan_top-eps-converted-to.pdf Graphic file (type pdf)
<use images/bandeau_cyan_top-eps-converted-to.pdf>
Package pdftex.def Info: images/bandeau_cyan_top-eps-converted-to.pdf  used on 
input line 135.
(pdftex.def)             Requested size: 600.35315pt x 133.55193pt.
File: images/INSALogoBlanc.pdf Graphic file (type pdf)
<use images/INSALogoBlanc.pdf>
Package pdftex.def Info: images/INSALogoBlanc.pdf  used on input line 135.
(pdftex.def)             Requested size: 142.26378pt x 37.2426pt.

Package fancyhdr Warning: \headheight is too small (12.0pt): 
(fancyhdr)                Make it at least 13.59999pt, for example:
(fancyhdr)                \setlength{\headheight}{13.59999pt}.
(fancyhdr)                You might also make \topmargin smaller to compensate:

(fancyhdr)                \addtolength{\topmargin}{-1.59999pt}.


Package xcolor Warning: Incompatible color definition on input line 135.

File: images/INSALogo.pdf Graphic file (type pdf)
<use images/INSALogo.pdf>
Package pdftex.def Info: images/INSALogo.pdf  used on input line 135.
(pdftex.def)             Requested size: 194.59126pt x 49.79231pt.
File: images/rien.png Graphic file (type png)
<use images/rien.png>
Package pdftex.def Info: images/rien.png  used on input line 135.
(pdftex.def)             Requested size: 49.78433pt x 49.79231pt.
Package epstopdf Info: Source file: <images/Volutes3Bottom.eps>
(epstopdf)                    date: 2021-12-20 12:23:40
(epstopdf)                    size: 3195 bytes
(epstopdf)             Output file: <images/Volutes3Bottom-eps-converted-to.pdf
>
(epstopdf)                    date: 2021-12-20 12:23:40
(epstopdf)                    size: 2763 bytes
(epstopdf)             Command: <repstopdf --outfile=images/Volutes3Bottom-eps-
converted-to.pdf images/Volutes3Bottom.eps>
(epstopdf)             \includegraphics on input line 135.
Package epstopdf Info: Output file is already uptodate.
File: images/Volutes3Bottom-eps-converted-to.pdf Graphic file (type pdf)
<use images/Volutes3Bottom-eps-converted-to.pdf>
Package pdftex.def Info: images/Volutes3Bottom-eps-converted-to.pdf  used on in
put line 135.
(pdftex.def)             Requested size: 711.3189pt x 154.65353pt.
[6]
Underfull \hbox (badness 10000) in paragraph at lines 135--136

 []


Underfull \hbox (badness 10000) in paragraph at lines 137--138

 []

)
Package epstopdf Info: Source file: <images/bandeau_cyan_top.eps>
(epstopdf)                    date: 2021-12-20 12:23:40
(epstopdf)                    size: 3487 bytes
(epstopdf)             Output file: <images/bandeau_cyan_top-eps-converted-to.p
df>
(epstopdf)                    date: 2021-12-20 12:23:40
(epstopdf)                    size: 2966 bytes
(epstopdf)             Command: <repstopdf --outfile=images/bandeau_cyan_top-ep
s-converted-to.pdf images/bandeau_cyan_top.eps>
(epstopdf)             \includegraphics on input line 52.
Package epstopdf Info: Output file is already uptodate.
File: images/bandeau_cyan_top-eps-converted-to.pdf Graphic file (type pdf)
<use images/bandeau_cyan_top-eps-converted-to.pdf>
Package pdftex.def Info: images/bandeau_cyan_top-eps-converted-to.pdf  used on 
input line 52.
(pdftex.def)             Requested size: 600.35315pt x 133.55193pt.
File: images/INSALogoBlanc.pdf Graphic file (type pdf)
<use images/INSALogoBlanc.pdf>
Package pdftex.def Info: images/INSALogoBlanc.pdf  used on input line 52.
(pdftex.def)             Requested size: 142.26378pt x 37.2426pt.


Package fancyhdr Warning: \headheight is too small (12.0pt): 
(fancyhdr)                Make it at least 13.59999pt, for example:
(fancyhdr)                \setlength{\headheight}{13.59999pt}.
(fancyhdr)                You might also make \topmargin smaller to compensate:

(fancyhdr)                \addtolength{\topmargin}{-1.59999pt}.


Package xcolor Warning: Incompatible color definition on input line 52.

File: images/INSALogo.pdf Graphic file (type pdf)
<use images/INSALogo.pdf>
Package pdftex.def Info: images/INSALogo.pdf  used on input line 52.
(pdftex.def)             Requested size: 194.59126pt x 49.79231pt.
File: images/rien.png Graphic file (type png)
<use images/rien.png>
Package pdftex.def Info: images/rien.png  used on input line 52.
(pdftex.def)             Requested size: 49.78433pt x 49.79231pt.
Package epstopdf Info: Source file: <images/Volutes3Bottom.eps>
(epstopdf)                    date: 2021-12-20 12:23:40
(epstopdf)                    size: 3195 bytes
(epstopdf)             Output file: <images/Volutes3Bottom-eps-converted-to.pdf
>
(epstopdf)                    date: 2021-12-20 12:23:40
(epstopdf)                    size: 2763 bytes
(epstopdf)             Command: <repstopdf --outfile=images/Volutes3Bottom-eps-
converted-to.pdf images/Volutes3Bottom.eps>
(epstopdf)             \includegraphics on input line 52.
Package epstopdf Info: Output file is already uptodate.
File: images/Volutes3Bottom-eps-converted-to.pdf Graphic file (type pdf)
<use images/Volutes3Bottom-eps-converted-to.pdf>
Package pdftex.def Info: images/Volutes3Bottom-eps-converted-to.pdf  used on in
put line 52.
(pdftex.def)             Requested size: 711.3189pt x 154.65353pt.
[7]
\openout2 = `analyse/analyse.aux'.

 (./analyse/analyse.tex (./analyse/tad/tadFichierTexte.tex
LaTeX Font Info:    Trying to load font information for T1+cmss on input line 1
.

(/usr/share/texlive/texmf-dist/tex/latex/base/t1cmss.fd
File: t1cmss.fd 2019/12/16 v2.5j Standard LaTeX font definitions
))
(./analyse/tad/tadMot.tex
Package epstopdf Info: Source file: <images/bandeau_cyan_top.eps>
(epstopdf)                    date: 2021-12-20 12:23:40
(epstopdf)                    size: 3487 bytes
(epstopdf)             Output file: <images/bandeau_cyan_top-eps-converted-to.p
df>
(epstopdf)                    date: 2021-12-20 12:23:40
(epstopdf)                    size: 2966 bytes
(epstopdf)             Command: <repstopdf --outfile=images/bandeau_cyan_top-ep
s-converted-to.pdf images/bandeau_cyan_top.eps>
(epstopdf)             \includegraphics on input line 20.
Package epstopdf Info: Output file is already uptodate.
File: images/bandeau_cyan_top-eps-converted-to.pdf Graphic file (type pdf)
<use images/bandeau_cyan_top-eps-converted-to.pdf>
Package pdftex.def Info: images/bandeau_cyan_top-eps-converted-to.pdf  used on 
input line 20.
(pdftex.def)             Requested size: 600.35315pt x 133.55193pt.
File: images/INSALogoBlanc.pdf Graphic file (type pdf)
<use images/INSALogoBlanc.pdf>
Package pdftex.def Info: images/INSALogoBlanc.pdf  used on input line 20.
(pdftex.def)             Requested size: 142.26378pt x 37.2426pt.


Package fancyhdr Warning: \headheight is too small (12.0pt): 
(fancyhdr)                Make it at least 13.59999pt, for example:
(fancyhdr)                \setlength{\headheight}{13.59999pt}.
(fancyhdr)                You might also make \topmargin smaller to compensate:

(fancyhdr)                \addtolength{\topmargin}{-1.59999pt}.


Package xcolor Warning: Incompatible color definition on input line 20.

File: images/INSALogo.pdf Graphic file (type pdf)
<use images/INSALogo.pdf>
Package pdftex.def Info: images/INSALogo.pdf  used on input line 20.
(pdftex.def)             Requested size: 194.59126pt x 49.79231pt.
File: images/rien.png Graphic file (type png)
<use images/rien.png>
Package pdftex.def Info: images/rien.png  used on input line 20.
(pdftex.def)             Requested size: 49.78433pt x 49.79231pt.
Package epstopdf Info: Source file: <images/Volutes3Bottom.eps>
(epstopdf)                    date: 2021-12-20 12:23:40
(epstopdf)                    size: 3195 bytes
(epstopdf)             Output file: <images/Volutes3Bottom-eps-converted-to.pdf
>
(epstopdf)                    date: 2021-12-20 12:23:40
(epstopdf)                    size: 2763 bytes
(epstopdf)             Command: <repstopdf --outfile=images/Volutes3Bottom-eps-
converted-to.pdf images/Volutes3Bottom.eps>
(epstopdf)             \includegraphics on input line 20.
Package epstopdf Info: Output file is already uptodate.
File: images/Volutes3Bottom-eps-converted-to.pdf Graphic file (type pdf)
<use images/Volutes3Bottom-eps-converted-to.pdf>
Package pdftex.def Info: images/Volutes3Bottom-eps-converted-to.pdf  used on in
put line 20.
(pdftex.def)             Requested size: 711.3189pt x 154.65353pt.
[8



]) (./analyse/tad/tadDictionnaire.tex
Package epstopdf Info: Source file: <images/bandeau_cyan_top.eps>
(epstopdf)                    date: 2021-12-20 12:23:40
(epstopdf)                    size: 3487 bytes
(epstopdf)             Output file: <images/bandeau_cyan_top-eps-converted-to.p
df>
(epstopdf)                    date: 2021-12-20 12:23:40
(epstopdf)                    size: 2966 bytes
(epstopdf)             Command: <repstopdf --outfile=images/bandeau_cyan_top-ep
s-converted-to.pdf images/bandeau_cyan_top.eps>
(epstopdf)             \includegraphics on input line 33.
Package epstopdf Info: Output file is already uptodate.
File: images/bandeau_cyan_top-eps-converted-to.pdf Graphic file (type pdf)
<use images/bandeau_cyan_top-eps-converted-to.pdf>
Package pdftex.def Info: images/bandeau_cyan_top-eps-converted-to.pdf  used on 
input line 33.
(pdftex.def)             Requested size: 600.35315pt x 133.55193pt.
File: images/INSALogoBlanc.pdf Graphic file (type pdf)
<use images/INSALogoBlanc.pdf>
Package pdftex.def Info: images/INSALogoBlanc.pdf  used on input line 33.
(pdftex.def)             Requested size: 142.26378pt x 37.2426pt.


Package fancyhdr Warning: \headheight is too small (12.0pt): 
(fancyhdr)                Make it at least 13.59999pt, for example:
(fancyhdr)                \setlength{\headheight}{13.59999pt}.
(fancyhdr)                You might also make \topmargin smaller to compensate:

(fancyhdr)                \addtolength{\topmargin}{-1.59999pt}.


Package xcolor Warning: Incompatible color definition on input line 33.

File: images/INSALogo.pdf Graphic file (type pdf)
<use images/INSALogo.pdf>
Package pdftex.def Info: images/INSALogo.pdf  used on input line 33.
(pdftex.def)             Requested size: 194.59126pt x 49.79231pt.
File: images/rien.png Graphic file (type png)
<use images/rien.png>
Package pdftex.def Info: images/rien.png  used on input line 33.
(pdftex.def)             Requested size: 49.78433pt x 49.79231pt.
Package epstopdf Info: Source file: <images/Volutes3Bottom.eps>
(epstopdf)                    date: 2021-12-20 12:23:40
(epstopdf)                    size: 3195 bytes
(epstopdf)             Output file: <images/Volutes3Bottom-eps-converted-to.pdf
>
(epstopdf)                    date: 2021-12-20 12:23:40
(epstopdf)                    size: 2763 bytes
(epstopdf)             Command: <repstopdf --outfile=images/Volutes3Bottom-eps-
converted-to.pdf images/Volutes3Bottom.eps>
(epstopdf)             \includegraphics on input line 33.
Package epstopdf Info: Output file is already uptodate.
File: images/Volutes3Bottom-eps-converted-to.pdf Graphic file (type pdf)
<use images/Volutes3Bottom-eps-converted-to.pdf>
Package pdftex.def Info: images/Volutes3Bottom-eps-converted-to.pdf  used on in
put line 33.
(pdftex.def)             Requested size: 711.3189pt x 154.65353pt.
[9]) (./analyse/tad/tadCorrecteurOrthographique.tex)
Package epstopdf Info: Source file: <images/bandeau_cyan_top.eps>
(epstopdf)                    date: 2021-12-20 12:23:40
(epstopdf)                    size: 3487 bytes
(epstopdf)             Output file: <images/bandeau_cyan_top-eps-converted-to.p
df>
(epstopdf)                    date: 2021-12-20 12:23:40
(epstopdf)                    size: 2966 bytes
(epstopdf)             Command: <repstopdf --outfile=images/bandeau_cyan_top-ep
s-converted-to.pdf images/bandeau_cyan_top.eps>
(epstopdf)             \includegraphics on input line 15.
Package epstopdf Info: Output file is already uptodate.
File: images/bandeau_cyan_top-eps-converted-to.pdf Graphic file (type pdf)
<use images/bandeau_cyan_top-eps-converted-to.pdf>
Package pdftex.def Info: images/bandeau_cyan_top-eps-converted-to.pdf  used on 
input line 15.
(pdftex.def)             Requested size: 600.35315pt x 133.55193pt.
File: images/INSALogoBlanc.pdf Graphic file (type pdf)
<use images/INSALogoBlanc.pdf>
Package pdftex.def Info: images/INSALogoBlanc.pdf  used on input line 15.
(pdftex.def)             Requested size: 142.26378pt x 37.2426pt.


Package fancyhdr Warning: \headheight is too small (12.0pt): 
(fancyhdr)                Make it at least 13.59999pt, for example:
(fancyhdr)                \setlength{\headheight}{13.59999pt}.
(fancyhdr)                You might also make \topmargin smaller to compensate:

(fancyhdr)                \addtolength{\topmargin}{-1.59999pt}.


Package xcolor Warning: Incompatible color definition on input line 15.

File: images/INSALogo.pdf Graphic file (type pdf)
<use images/INSALogo.pdf>
Package pdftex.def Info: images/INSALogo.pdf  used on input line 15.
(pdftex.def)             Requested size: 194.59126pt x 49.79231pt.
File: images/rien.png Graphic file (type png)
<use images/rien.png>
Package pdftex.def Info: images/rien.png  used on input line 15.
(pdftex.def)             Requested size: 49.78433pt x 49.79231pt.
Package epstopdf Info: Source file: <images/Volutes3Bottom.eps>
(epstopdf)                    date: 2021-12-20 12:23:40
(epstopdf)                    size: 3195 bytes
(epstopdf)             Output file: <images/Volutes3Bottom-eps-converted-to.pdf
>
(epstopdf)                    date: 2021-12-20 12:23:40
(epstopdf)                    size: 2763 bytes
(epstopdf)             Command: <repstopdf --outfile=images/Volutes3Bottom-eps-
converted-to.pdf images/Volutes3Bottom.eps>
(epstopdf)             \includegraphics on input line 15.
Package epstopdf Info: Output file is already uptodate.
File: images/Volutes3Bottom-eps-converted-to.pdf Graphic file (type pdf)
<use images/Volutes3Bottom-eps-converted-to.pdf>
Package pdftex.def Info: images/Volutes3Bottom-eps-converted-to.pdf  used on in
put line 15.
(pdftex.def)             Requested size: 711.3189pt x 154.65353pt.
[10]
<images/AnalyseDescendante.pdf, id=323, 845.54874pt x 598.00974pt>
File: images/AnalyseDescendante.pdf Graphic file (type pdf)
<use images/AnalyseDescendante.pdf>
Package pdftex.def Info: images/AnalyseDescendante.pdf  used on input line 17.
(pdftex.def)             Requested size: 507.33316pt x 358.80861pt.
Package epstopdf Info: Source file: <images/bandeau_cyan_top.eps>
(epstopdf)                    date: 2021-12-20 12:23:40
(epstopdf)                    size: 3487 bytes
(epstopdf)             Output file: <images/bandeau_cyan_top-eps-converted-to.p
df>
(epstopdf)                    date: 2021-12-20 12:23:40
(epstopdf)                    size: 2966 bytes
(epstopdf)             Command: <repstopdf --outfile=images/bandeau_cyan_top-ep
s-converted-to.pdf images/bandeau_cyan_top.eps>
(epstopdf)             \includegraphics on input line 18.
Package epstopdf Info: Output file is already uptodate.
File: images/bandeau_cyan_top-eps-converted-to.pdf Graphic file (type pdf)
<use images/bandeau_cyan_top-eps-converted-to.pdf>
Package pdftex.def Info: images/bandeau_cyan_top-eps-converted-to.pdf  used on 
input line 18.
(pdftex.def)             Requested size: 600.35315pt x 133.55193pt.
File: images/INSALogoBlanc.pdf Graphic file (type pdf)
<use images/INSALogoBlanc.pdf>
Package pdftex.def Info: images/INSALogoBlanc.pdf  used on input line 18.
(pdftex.def)             Requested size: 142.26378pt x 37.2426pt.


Package fancyhdr Warning: \headheight is too small (12.0pt): 
(fancyhdr)                Make it at least 13.59999pt, for example:
(fancyhdr)                \setlength{\headheight}{13.59999pt}.
(fancyhdr)                You might also make \topmargin smaller to compensate:

(fancyhdr)                \addtolength{\topmargin}{-1.59999pt}.


Package xcolor Warning: Incompatible color definition on input line 18.

File: images/INSALogo.pdf Graphic file (type pdf)
<use images/INSALogo.pdf>
Package pdftex.def Info: images/INSALogo.pdf  used on input line 18.
(pdftex.def)             Requested size: 194.59126pt x 49.79231pt.
File: images/rien.png Graphic file (type png)
<use images/rien.png>
Package pdftex.def Info: images/rien.png  used on input line 18.
(pdftex.def)             Requested size: 49.78433pt x 49.79231pt.
Package epstopdf Info: Source file: <images/Volutes3Bottom.eps>
(epstopdf)                    date: 2021-12-20 12:23:40
(epstopdf)                    size: 3195 bytes
(epstopdf)             Output file: <images/Volutes3Bottom-eps-converted-to.pdf
>
(epstopdf)                    date: 2021-12-20 12:23:40
(epstopdf)                    size: 2763 bytes
(epstopdf)             Command: <repstopdf --outfile=images/Volutes3Bottom-eps-
converted-to.pdf images/Volutes3Bottom.eps>
(epstopdf)             \includegraphics on input line 18.
Package epstopdf Info: Output file is already uptodate.
File: images/Volutes3Bottom-eps-converted-to.pdf Graphic file (type pdf)
<use images/Volutes3Bottom-eps-converted-to.pdf>
Package pdftex.def Info: images/Volutes3Bottom-eps-converted-to.pdf  used on in
put line 18.
(pdftex.def)             Requested size: 711.3189pt x 154.65353pt.
[11

 <./images/AnalyseDescendante.pdf>])
\openout2 = `conceptionPreliminaire/conceptionPreliminaire.aux'.


(./conceptionPreliminaire/conceptionPreliminaire.tex
(./conceptionPreliminaire/fichierTexte.tex) (./conceptionPreliminaire/mot.tex
Package epstopdf Info: Source file: <images/bandeau_cyan_top.eps>
(epstopdf)                    date: 2021-12-20 12:23:40
(epstopdf)                    size: 3487 bytes
(epstopdf)             Output file: <images/bandeau_cyan_top-eps-converted-to.p
df>
(epstopdf)                    date: 2021-12-20 12:23:40
(epstopdf)                    size: 2966 bytes
(epstopdf)             Command: <repstopdf --outfile=images/bandeau_cyan_top-ep
s-converted-to.pdf images/bandeau_cyan_top.eps>
(epstopdf)             \includegraphics on input line 37.
Package epstopdf Info: Output file is already uptodate.
File: images/bandeau_cyan_top-eps-converted-to.pdf Graphic file (type pdf)
<use images/bandeau_cyan_top-eps-converted-to.pdf>
Package pdftex.def Info: images/bandeau_cyan_top-eps-converted-to.pdf  used on 
input line 37.
(pdftex.def)             Requested size: 600.35315pt x 133.55193pt.
File: images/INSALogoBlanc.pdf Graphic file (type pdf)
<use images/INSALogoBlanc.pdf>
Package pdftex.def Info: images/INSALogoBlanc.pdf  used on input line 37.
(pdftex.def)             Requested size: 142.26378pt x 37.2426pt.


Package fancyhdr Warning: \headheight is too small (12.0pt): 
(fancyhdr)                Make it at least 13.59999pt, for example:
(fancyhdr)                \setlength{\headheight}{13.59999pt}.
(fancyhdr)                You might also make \topmargin smaller to compensate:

(fancyhdr)                \addtolength{\topmargin}{-1.59999pt}.


Package xcolor Warning: Incompatible color definition on input line 37.

File: images/INSALogo.pdf Graphic file (type pdf)
<use images/INSALogo.pdf>
Package pdftex.def Info: images/INSALogo.pdf  used on input line 37.
(pdftex.def)             Requested size: 194.59126pt x 49.79231pt.
File: images/rien.png Graphic file (type png)
<use images/rien.png>
Package pdftex.def Info: images/rien.png  used on input line 37.
(pdftex.def)             Requested size: 49.78433pt x 49.79231pt.
Package epstopdf Info: Source file: <images/Volutes3Bottom.eps>
(epstopdf)                    date: 2021-12-20 12:23:40
(epstopdf)                    size: 3195 bytes
(epstopdf)             Output file: <images/Volutes3Bottom-eps-converted-to.pdf
>
(epstopdf)                    date: 2021-12-20 12:23:40
(epstopdf)                    size: 2763 bytes
(epstopdf)             Command: <repstopdf --outfile=images/Volutes3Bottom-eps-
converted-to.pdf images/Volutes3Bottom.eps>
(epstopdf)             \includegraphics on input line 37.
Package epstopdf Info: Output file is already uptodate.
File: images/Volutes3Bottom-eps-converted-to.pdf Graphic file (type pdf)
<use images/Volutes3Bottom-eps-converted-to.pdf>
Package pdftex.def Info: images/Volutes3Bottom-eps-converted-to.pdf  used on in
put line 37.
(pdftex.def)             Requested size: 711.3189pt x 154.65353pt.
[12




]) (./conceptionPreliminaire/dictionnaire.tex)
(./conceptionPreliminaire/correcteurOrthographique.tex
Overfull \hbox (25.46956pt too wide) in paragraph at lines 17--18
[]\T1/cmr/bx/n/10.95 fonction \T1/cmr/m/n/10.95 pro-po-ser-Mot-Liste \T1/cmr/bx
/n/10.95 (\T1/cmr/m/n/10.95 liste : Liste<Mot>, d : Dic-tion-naire\T1/cmr/bx/n/
10.95 ) : \T1/cmr/m/n/10.95 Liste<Ensemble<Mot>>, Liste<Booleen>
 []


Underfull \hbox (badness 10000) in paragraph at lines 17--18

 []

))
Package epstopdf Info: Source file: <images/bandeau_cyan_top.eps>
(epstopdf)                    date: 2021-12-20 12:23:40
(epstopdf)                    size: 3487 bytes
(epstopdf)             Output file: <images/bandeau_cyan_top-eps-converted-to.p
df>
(epstopdf)                    date: 2021-12-20 12:23:40
(epstopdf)                    size: 2966 bytes
(epstopdf)             Command: <repstopdf --outfile=images/bandeau_cyan_top-ep
s-converted-to.pdf images/bandeau_cyan_top.eps>
(epstopdf)             \includegraphics on input line 54.
Package epstopdf Info: Output file is already uptodate.
File: images/bandeau_cyan_top-eps-converted-to.pdf Graphic file (type pdf)
<use images/bandeau_cyan_top-eps-converted-to.pdf>
Package pdftex.def Info: images/bandeau_cyan_top-eps-converted-to.pdf  used on 
input line 54.
(pdftex.def)             Requested size: 600.35315pt x 133.55193pt.
File: images/INSALogoBlanc.pdf Graphic file (type pdf)
<use images/INSALogoBlanc.pdf>
Package pdftex.def Info: images/INSALogoBlanc.pdf  used on input line 54.
(pdftex.def)             Requested size: 142.26378pt x 37.2426pt.


Package fancyhdr Warning: \headheight is too small (12.0pt): 
(fancyhdr)                Make it at least 13.59999pt, for example:
(fancyhdr)                \setlength{\headheight}{13.59999pt}.
(fancyhdr)                You might also make \topmargin smaller to compensate:

(fancyhdr)                \addtolength{\topmargin}{-1.59999pt}.


Package xcolor Warning: Incompatible color definition on input line 54.

File: images/INSALogo.pdf Graphic file (type pdf)
<use images/INSALogo.pdf>
Package pdftex.def Info: images/INSALogo.pdf  used on input line 54.
(pdftex.def)             Requested size: 194.59126pt x 49.79231pt.
File: images/rien.png Graphic file (type png)
<use images/rien.png>
Package pdftex.def Info: images/rien.png  used on input line 54.
(pdftex.def)             Requested size: 49.78433pt x 49.79231pt.
Package epstopdf Info: Source file: <images/Volutes3Bottom.eps>
(epstopdf)                    date: 2021-12-20 12:23:40
(epstopdf)                    size: 3195 bytes
(epstopdf)             Output file: <images/Volutes3Bottom-eps-converted-to.pdf
>
(epstopdf)                    date: 2021-12-20 12:23:40
(epstopdf)                    size: 2763 bytes
(epstopdf)             Command: <repstopdf --outfile=images/Volutes3Bottom-eps-
converted-to.pdf images/Volutes3Bottom.eps>
(epstopdf)             \includegraphics on input line 54.
Package epstopdf Info: Output file is already uptodate.
File: images/Volutes3Bottom-eps-converted-to.pdf Graphic file (type pdf)
<use images/Volutes3Bottom-eps-converted-to.pdf>
Package pdftex.def Info: images/Volutes3Bottom-eps-converted-to.pdf  used on in
put line 54.
(pdftex.def)             Requested size: 711.3189pt x 154.65353pt.
[13]
\openout2 = `conceptionDetaille/conceptionDetaille.aux'.

 (./conceptionDetaille/conceptionDetaille.tex
(./conceptionDetaille/conceptionDetailleFichierTexte.tex)
(./conceptionDetaille/conceptionDetailleMot.tex
Overfull \hbox (3.30281pt too wide) in paragraph at lines 15--16
[]\T1/cmr/m/n/10.95 /**********************************************************
*************************/    
 []


Overfull \hbox (3.30281pt too wide) in paragraph at lines 33--34
[]\T1/cmr/m/n/10.95 /**********************************************************
*************************/    
 []

Package epstopdf Info: Source file: <images/bandeau_cyan_top.eps>
(epstopdf)                    date: 2021-12-20 12:23:40
(epstopdf)                    size: 3487 bytes
(epstopdf)             Output file: <images/bandeau_cyan_top-eps-converted-to.p
df>
(epstopdf)                    date: 2021-12-20 12:23:40
(epstopdf)                    size: 2966 bytes
(epstopdf)             Command: <repstopdf --outfile=images/bandeau_cyan_top-ep
s-converted-to.pdf images/bandeau_cyan_top.eps>
(epstopdf)             \includegraphics on input line 60.
Package epstopdf Info: Output file is already uptodate.
File: images/bandeau_cyan_top-eps-converted-to.pdf Graphic file (type pdf)
<use images/bandeau_cyan_top-eps-converted-to.pdf>
Package pdftex.def Info: images/bandeau_cyan_top-eps-converted-to.pdf  used on 
input line 60.
(pdftex.def)             Requested size: 600.35315pt x 133.55193pt.
File: images/INSALogoBlanc.pdf Graphic file (type pdf)
<use images/INSALogoBlanc.pdf>
Package pdftex.def Info: images/INSALogoBlanc.pdf  used on input line 60.
(pdftex.def)             Requested size: 142.26378pt x 37.2426pt.

Package fancyhdr Warning: \headheight is too small (12.0pt): 
(fancyhdr)                Make it at least 13.59999pt, for example:
(fancyhdr)                \setlength{\headheight}{13.59999pt}.
(fancyhdr)                You might also make \topmargin smaller to compensate:

(fancyhdr)                \addtolength{\topmargin}{-1.59999pt}.


Package xcolor Warning: Incompatible color definition on input line 60.

File: images/INSALogo.pdf Graphic file (type pdf)
<use images/INSALogo.pdf>
Package pdftex.def Info: images/INSALogo.pdf  used on input line 60.
(pdftex.def)             Requested size: 194.59126pt x 49.79231pt.
File: images/rien.png Graphic file (type png)
<use images/rien.png>
Package pdftex.def Info: images/rien.png  used on input line 60.
(pdftex.def)             Requested size: 49.78433pt x 49.79231pt.
Package epstopdf Info: Source file: <images/Volutes3Bottom.eps>
(epstopdf)                    date: 2021-12-20 12:23:40
(epstopdf)                    size: 3195 bytes
(epstopdf)             Output file: <images/Volutes3Bottom-eps-converted-to.pdf
>
(epstopdf)                    date: 2021-12-20 12:23:40
(epstopdf)                    size: 2763 bytes
(epstopdf)             Command: <repstopdf --outfile=images/Volutes3Bottom-eps-
converted-to.pdf images/Volutes3Bottom.eps>
(epstopdf)             \includegraphics on input line 60.
Package epstopdf Info: Output file is already uptodate.
File: images/Volutes3Bottom-eps-converted-to.pdf Graphic file (type pdf)
<use images/Volutes3Bottom-eps-converted-to.pdf>
Package pdftex.def Info: images/Volutes3Bottom-eps-converted-to.pdf  used on in
put line 60.
(pdftex.def)             Requested size: 711.3189pt x 154.65353pt.
[14



]
Overfull \hbox (3.30281pt too wide) in paragraph at lines 64--65
[]\T1/cmr/m/n/10.95 /**********************************************************
*************************/    
 []


Overfull \hbox (3.30281pt too wide) in paragraph at lines 84--85
[]\T1/cmr/m/n/10.95 /**********************************************************
*************************/    
 []


Overfull \hbox (3.30281pt too wide) in paragraph at lines 115--116
[]\T1/cmr/m/n/10.95 /**********************************************************
*************************/    
 []

Package epstopdf Info: Source file: <images/bandeau_cyan_top.eps>
(epstopdf)                    date: 2021-12-20 12:23:40
(epstopdf)                    size: 3487 bytes
(epstopdf)             Output file: <images/bandeau_cyan_top-eps-converted-to.p
df>
(epstopdf)                    date: 2021-12-20 12:23:40
(epstopdf)                    size: 2966 bytes
(epstopdf)             Command: <repstopdf --outfile=images/bandeau_cyan_top-ep
s-converted-to.pdf images/bandeau_cyan_top.eps>
(epstopdf)             \includegraphics on input line 129.
Package epstopdf Info: Output file is already uptodate.
File: images/bandeau_cyan_top-eps-converted-to.pdf Graphic file (type pdf)
<use images/bandeau_cyan_top-eps-converted-to.pdf>
Package pdftex.def Info: images/bandeau_cyan_top-eps-converted-to.pdf  used on 
input line 129.
(pdftex.def)             Requested size: 600.35315pt x 133.55193pt.
File: images/INSALogoBlanc.pdf Graphic file (type pdf)
<use images/INSALogoBlanc.pdf>
Package pdftex.def Info: images/INSALogoBlanc.pdf  used on input line 129.
(pdftex.def)             Requested size: 142.26378pt x 37.2426pt.

Package fancyhdr Warning: \headheight is too small (12.0pt): 
(fancyhdr)                Make it at least 13.59999pt, for example:
(fancyhdr)                \setlength{\headheight}{13.59999pt}.
(fancyhdr)                You might also make \topmargin smaller to compensate:

(fancyhdr)                \addtolength{\topmargin}{-1.59999pt}.


Package xcolor Warning: Incompatible color definition on input line 129.

File: images/INSALogo.pdf Graphic file (type pdf)
<use images/INSALogo.pdf>
Package pdftex.def Info: images/INSALogo.pdf  used on input line 129.
(pdftex.def)             Requested size: 194.59126pt x 49.79231pt.
File: images/rien.png Graphic file (type png)
<use images/rien.png>
Package pdftex.def Info: images/rien.png  used on input line 129.
(pdftex.def)             Requested size: 49.78433pt x 49.79231pt.
Package epstopdf Info: Source file: <images/Volutes3Bottom.eps>
(epstopdf)                    date: 2021-12-20 12:23:40
(epstopdf)                    size: 3195 bytes
(epstopdf)             Output file: <images/Volutes3Bottom-eps-converted-to.pdf
>
(epstopdf)                    date: 2021-12-20 12:23:40
(epstopdf)                    size: 2763 bytes
(epstopdf)             Command: <repstopdf --outfile=images/Volutes3Bottom-eps-
converted-to.pdf images/Volutes3Bottom.eps>
(epstopdf)             \includegraphics on input line 129.
Package epstopdf Info: Output file is already uptodate.
File: images/Volutes3Bottom-eps-converted-to.pdf Graphic file (type pdf)
<use images/Volutes3Bottom-eps-converted-to.pdf>
Package pdftex.def Info: images/Volutes3Bottom-eps-converted-to.pdf  used on in
put line 129.
(pdftex.def)             Requested size: 711.3189pt x 154.65353pt.
[15]
Overfull \hbox (3.30281pt too wide) in paragraph at lines 133--134
[]\T1/cmr/m/n/10.95 /**********************************************************
*************************/    
 []


Overfull \hbox (3.30281pt too wide) in paragraph at lines 151--152
[]\T1/cmr/m/n/10.95 /**********************************************************
*************************/    
 []


Overfull \hbox (3.30281pt too wide) in paragraph at lines 165--166
[]\T1/cmr/m/n/10.95 /**********************************************************
*************************/    
 []


Overfull \hbox (3.30281pt too wide) in paragraph at lines 180--181
[]\T1/cmr/m/n/10.95 /**********************************************************
*************************/    
 []

Package epstopdf Info: Source file: <images/bandeau_cyan_top.eps>
(epstopdf)                    date: 2021-12-20 12:23:40
(epstopdf)                    size: 3487 bytes
(epstopdf)             Output file: <images/bandeau_cyan_top-eps-converted-to.p
df>
(epstopdf)                    date: 2021-12-20 12:23:40
(epstopdf)                    size: 2966 bytes
(epstopdf)             Command: <repstopdf --outfile=images/bandeau_cyan_top-ep
s-converted-to.pdf images/bandeau_cyan_top.eps>
(epstopdf)             \includegraphics on input line 198.
Package epstopdf Info: Output file is already uptodate.
File: images/bandeau_cyan_top-eps-converted-to.pdf Graphic file (type pdf)
<use images/bandeau_cyan_top-eps-converted-to.pdf>
Package pdftex.def Info: images/bandeau_cyan_top-eps-converted-to.pdf  used on 
input line 198.
(pdftex.def)             Requested size: 600.35315pt x 133.55193pt.
File: images/INSALogoBlanc.pdf Graphic file (type pdf)
<use images/INSALogoBlanc.pdf>
Package pdftex.def Info: images/INSALogoBlanc.pdf  used on input line 198.
(pdftex.def)             Requested size: 142.26378pt x 37.2426pt.

Package fancyhdr Warning: \headheight is too small (12.0pt): 
(fancyhdr)                Make it at least 13.59999pt, for example:
(fancyhdr)                \setlength{\headheight}{13.59999pt}.
(fancyhdr)                You might also make \topmargin smaller to compensate:

(fancyhdr)                \addtolength{\topmargin}{-1.59999pt}.


Package xcolor Warning: Incompatible color definition on input line 198.

File: images/INSALogo.pdf Graphic file (type pdf)
<use images/INSALogo.pdf>
Package pdftex.def Info: images/INSALogo.pdf  used on input line 198.
(pdftex.def)             Requested size: 194.59126pt x 49.79231pt.
File: images/rien.png Graphic file (type png)
<use images/rien.png>
Package pdftex.def Info: images/rien.png  used on input line 198.
(pdftex.def)             Requested size: 49.78433pt x 49.79231pt.
Package epstopdf Info: Source file: <images/Volutes3Bottom.eps>
(epstopdf)                    date: 2021-12-20 12:23:40
(epstopdf)                    size: 3195 bytes
(epstopdf)             Output file: <images/Volutes3Bottom-eps-converted-to.pdf
>
(epstopdf)                    date: 2021-12-20 12:23:40
(epstopdf)                    size: 2763 bytes
(epstopdf)             Command: <repstopdf --outfile=images/Volutes3Bottom-eps-
converted-to.pdf images/Volutes3Bottom.eps>
(epstopdf)             \includegraphics on input line 198.
Package epstopdf Info: Output file is already uptodate.
File: images/Volutes3Bottom-eps-converted-to.pdf Graphic file (type pdf)
<use images/Volutes3Bottom-eps-converted-to.pdf>
Package pdftex.def Info: images/Volutes3Bottom-eps-converted-to.pdf  used on in
put line 198.
(pdftex.def)             Requested size: 711.3189pt x 154.65353pt.
[16]) (./conceptionDetaille/conceptionDetailleDictionnaire.tex
Underfull \hbox (badness 10000) in paragraph at lines 3--4

 []


Underfull \hbox (badness 10000) in paragraph at lines 26--27

 []

Package epstopdf Info: Source file: <images/bandeau_cyan_top.eps>
(epstopdf)                    date: 2021-12-20 12:23:40
(epstopdf)                    size: 3487 bytes
(epstopdf)             Output file: <images/bandeau_cyan_top-eps-converted-to.p
df>
(epstopdf)                    date: 2021-12-20 12:23:40
(epstopdf)                    size: 2966 bytes
(epstopdf)             Command: <repstopdf --outfile=images/bandeau_cyan_top-ep
s-converted-to.pdf images/bandeau_cyan_top.eps>
(epstopdf)             \includegraphics on input line 53.
Package epstopdf Info: Output file is already uptodate.
File: images/bandeau_cyan_top-eps-converted-to.pdf Graphic file (type pdf)
<use images/bandeau_cyan_top-eps-converted-to.pdf>
Package pdftex.def Info: images/bandeau_cyan_top-eps-converted-to.pdf  used on 
input line 53.
(pdftex.def)             Requested size: 600.35315pt x 133.55193pt.
File: images/INSALogoBlanc.pdf Graphic file (type pdf)
<use images/INSALogoBlanc.pdf>
Package pdftex.def Info: images/INSALogoBlanc.pdf  used on input line 53.
(pdftex.def)             Requested size: 142.26378pt x 37.2426pt.

Package fancyhdr Warning: \headheight is too small (12.0pt): 
(fancyhdr)                Make it at least 13.59999pt, for example:
(fancyhdr)                \setlength{\headheight}{13.59999pt}.
(fancyhdr)                You might also make \topmargin smaller to compensate:

(fancyhdr)                \addtolength{\topmargin}{-1.59999pt}.


Package xcolor Warning: Incompatible color definition on input line 53.

File: images/INSALogo.pdf Graphic file (type pdf)
<use images/INSALogo.pdf>
Package pdftex.def Info: images/INSALogo.pdf  used on input line 53.
(pdftex.def)             Requested size: 194.59126pt x 49.79231pt.
File: images/rien.png Graphic file (type png)
<use images/rien.png>
Package pdftex.def Info: images/rien.png  used on input line 53.
(pdftex.def)             Requested size: 49.78433pt x 49.79231pt.
Package epstopdf Info: Source file: <images/Volutes3Bottom.eps>
(epstopdf)                    date: 2021-12-20 12:23:40
(epstopdf)                    size: 3195 bytes
(epstopdf)             Output file: <images/Volutes3Bottom-eps-converted-to.pdf
>
(epstopdf)                    date: 2021-12-20 12:23:40
(epstopdf)                    size: 2763 bytes
(epstopdf)             Command: <repstopdf --outfile=images/Volutes3Bottom-eps-
converted-to.pdf images/Volutes3Bottom.eps>
(epstopdf)             \includegraphics on input line 53.
Package epstopdf Info: Output file is already uptodate.
File: images/Volutes3Bottom-eps-converted-to.pdf Graphic file (type pdf)
<use images/Volutes3Bottom-eps-converted-to.pdf>
Package pdftex.def Info: images/Volutes3Bottom-eps-converted-to.pdf  used on in
put line 53.
(pdftex.def)             Requested size: 711.3189pt x 154.65353pt.
[17]
Underfull \hbox (badness 10000) in paragraph at lines 82--82

 []


Underfull \hbox (badness 10000) in paragraph at lines 95--95

 []

Package epstopdf Info: Source file: <images/bandeau_cyan_top.eps>
(epstopdf)                    date: 2021-12-20 12:23:40
(epstopdf)                    size: 3487 bytes
(epstopdf)             Output file: <images/bandeau_cyan_top-eps-converted-to.p
df>
(epstopdf)                    date: 2021-12-20 12:23:40
(epstopdf)                    size: 2966 bytes
(epstopdf)             Command: <repstopdf --outfile=images/bandeau_cyan_top-ep
s-converted-to.pdf images/bandeau_cyan_top.eps>
(epstopdf)             \includegraphics on input line 127.
Package epstopdf Info: Output file is already uptodate.
File: images/bandeau_cyan_top-eps-converted-to.pdf Graphic file (type pdf)
<use images/bandeau_cyan_top-eps-converted-to.pdf>
Package pdftex.def Info: images/bandeau_cyan_top-eps-converted-to.pdf  used on 
input line 127.
(pdftex.def)             Requested size: 600.35315pt x 133.55193pt.
File: images/INSALogoBlanc.pdf Graphic file (type pdf)
<use images/INSALogoBlanc.pdf>
Package pdftex.def Info: images/INSALogoBlanc.pdf  used on input line 127.
(pdftex.def)             Requested size: 142.26378pt x 37.2426pt.

Package fancyhdr Warning: \headheight is too small (12.0pt): 
(fancyhdr)                Make it at least 13.59999pt, for example:
(fancyhdr)                \setlength{\headheight}{13.59999pt}.
(fancyhdr)                You might also make \topmargin smaller to compensate:

(fancyhdr)                \addtolength{\topmargin}{-1.59999pt}.


Package xcolor Warning: Incompatible color definition on input line 127.

File: images/INSALogo.pdf Graphic file (type pdf)
<use images/INSALogo.pdf>
Package pdftex.def Info: images/INSALogo.pdf  used on input line 127.
(pdftex.def)             Requested size: 194.59126pt x 49.79231pt.
File: images/rien.png Graphic file (type png)
<use images/rien.png>
Package pdftex.def Info: images/rien.png  used on input line 127.
(pdftex.def)             Requested size: 49.78433pt x 49.79231pt.
Package epstopdf Info: Source file: <images/Volutes3Bottom.eps>
(epstopdf)                    date: 2021-12-20 12:23:40
(epstopdf)                    size: 3195 bytes
(epstopdf)             Output file: <images/Volutes3Bottom-eps-converted-to.pdf
>
(epstopdf)                    date: 2021-12-20 12:23:40
(epstopdf)                    size: 2763 bytes
(epstopdf)             Command: <repstopdf --outfile=images/Volutes3Bottom-eps-
converted-to.pdf images/Volutes3Bottom.eps>
(epstopdf)             \includegraphics on input line 127.
Package epstopdf Info: Output file is already uptodate.
File: images/Volutes3Bottom-eps-converted-to.pdf Graphic file (type pdf)
<use images/Volutes3Bottom-eps-converted-to.pdf>
Package pdftex.def Info: images/Volutes3Bottom-eps-converted-to.pdf  used on in
put line 127.
(pdftex.def)             Requested size: 711.3189pt x 154.65353pt.
[18]
Underfull \hbox (badness 10000) in paragraph at lines 154--154

 []

Package epstopdf Info: Source file: <images/bandeau_cyan_top.eps>
(epstopdf)                    date: 2021-12-20 12:23:40
(epstopdf)                    size: 3487 bytes
(epstopdf)             Output file: <images/bandeau_cyan_top-eps-converted-to.p
df>
(epstopdf)                    date: 2021-12-20 12:23:40
(epstopdf)                    size: 2966 bytes
(epstopdf)             Command: <repstopdf --outfile=images/bandeau_cyan_top-ep
s-converted-to.pdf images/bandeau_cyan_top.eps>
(epstopdf)             \includegraphics on input line 154.
Package epstopdf Info: Output file is already uptodate.
File: images/bandeau_cyan_top-eps-converted-to.pdf Graphic file (type pdf)
<use images/bandeau_cyan_top-eps-converted-to.pdf>
Package pdftex.def Info: images/bandeau_cyan_top-eps-converted-to.pdf  used on 
input line 154.
(pdftex.def)             Requested size: 600.35315pt x 133.55193pt.
File: images/INSALogoBlanc.pdf Graphic file (type pdf)
<use images/INSALogoBlanc.pdf>
Package pdftex.def Info: images/INSALogoBlanc.pdf  used on input line 154.
(pdftex.def)             Requested size: 142.26378pt x 37.2426pt.

Package fancyhdr Warning: \headheight is too small (12.0pt): 
(fancyhdr)                Make it at least 13.59999pt, for example:
(fancyhdr)                \setlength{\headheight}{13.59999pt}.
(fancyhdr)                You might also make \topmargin smaller to compensate:

(fancyhdr)                \addtolength{\topmargin}{-1.59999pt}.


Package xcolor Warning: Incompatible color definition on input line 154.

File: images/INSALogo.pdf Graphic file (type pdf)
<use images/INSALogo.pdf>
Package pdftex.def Info: images/INSALogo.pdf  used on input line 154.
(pdftex.def)             Requested size: 194.59126pt x 49.79231pt.
File: images/rien.png Graphic file (type png)
<use images/rien.png>
Package pdftex.def Info: images/rien.png  used on input line 154.
(pdftex.def)             Requested size: 49.78433pt x 49.79231pt.
Package epstopdf Info: Source file: <images/Volutes3Bottom.eps>
(epstopdf)                    date: 2021-12-20 12:23:40
(epstopdf)                    size: 3195 bytes
(epstopdf)             Output file: <images/Volutes3Bottom-eps-converted-to.pdf
>
(epstopdf)                    date: 2021-12-20 12:23:40
(epstopdf)                    size: 2763 bytes
(epstopdf)             Command: <repstopdf --outfile=images/Volutes3Bottom-eps-
converted-to.pdf images/Volutes3Bottom.eps>
(epstopdf)             \includegraphics on input line 154.
Package epstopdf Info: Output file is already uptodate.
File: images/Volutes3Bottom-eps-converted-to.pdf Graphic file (type pdf)
<use images/Volutes3Bottom-eps-converted-to.pdf>
Package pdftex.def Info: images/Volutes3Bottom-eps-converted-to.pdf  used on in
put line 154.
(pdftex.def)             Requested size: 711.3189pt x 154.65353pt.
[19]
Underfull \hbox (badness 10000) in paragraph at lines 154--154

 []


Underfull \hbox (badness 10000) in paragraph at lines 209--209

 []


Underfull \hbox (badness 10000) in paragraph at lines 209--209

 []


Underfull \hbox (badness 10000) in paragraph at lines 209--209

 []

Package epstopdf Info: Source file: <images/bandeau_cyan_top.eps>
(epstopdf)                    date: 2021-12-20 12:23:40
(epstopdf)                    size: 3487 bytes
(epstopdf)             Output file: <images/bandeau_cyan_top-eps-converted-to.p
df>
(epstopdf)                    date: 2021-12-20 12:23:40
(epstopdf)                    size: 2966 bytes
(epstopdf)             Command: <repstopdf --outfile=images/bandeau_cyan_top-ep
s-converted-to.pdf images/bandeau_cyan_top.eps>
(epstopdf)             \includegraphics on input line 236.
Package epstopdf Info: Output file is already uptodate.
File: images/bandeau_cyan_top-eps-converted-to.pdf Graphic file (type pdf)
<use images/bandeau_cyan_top-eps-converted-to.pdf>
Package pdftex.def Info: images/bandeau_cyan_top-eps-converted-to.pdf  used on 
input line 236.
(pdftex.def)             Requested size: 600.35315pt x 133.55193pt.
File: images/INSALogoBlanc.pdf Graphic file (type pdf)
<use images/INSALogoBlanc.pdf>
Package pdftex.def Info: images/INSALogoBlanc.pdf  used on input line 236.
(pdftex.def)             Requested size: 142.26378pt x 37.2426pt.

Package fancyhdr Warning: \headheight is too small (12.0pt): 
(fancyhdr)                Make it at least 13.59999pt, for example:
(fancyhdr)                \setlength{\headheight}{13.59999pt}.
(fancyhdr)                You might also make \topmargin smaller to compensate:

(fancyhdr)                \addtolength{\topmargin}{-1.59999pt}.


Package xcolor Warning: Incompatible color definition on input line 236.

File: images/INSALogo.pdf Graphic file (type pdf)
<use images/INSALogo.pdf>
Package pdftex.def Info: images/INSALogo.pdf  used on input line 236.
(pdftex.def)             Requested size: 194.59126pt x 49.79231pt.
File: images/rien.png Graphic file (type png)
<use images/rien.png>
Package pdftex.def Info: images/rien.png  used on input line 236.
(pdftex.def)             Requested size: 49.78433pt x 49.79231pt.
Package epstopdf Info: Source file: <images/Volutes3Bottom.eps>
(epstopdf)                    date: 2021-12-20 12:23:40
(epstopdf)                    size: 3195 bytes
(epstopdf)             Output file: <images/Volutes3Bottom-eps-converted-to.pdf
>
(epstopdf)                    date: 2021-12-20 12:23:40
(epstopdf)                    size: 2763 bytes
(epstopdf)             Command: <repstopdf --outfile=images/Volutes3Bottom-eps-
converted-to.pdf images/Volutes3Bottom.eps>
(epstopdf)             \includegraphics on input line 236.
Package epstopdf Info: Output file is already uptodate.
File: images/Volutes3Bottom-eps-converted-to.pdf Graphic file (type pdf)
<use images/Volutes3Bottom-eps-converted-to.pdf>
Package pdftex.def Info: images/Volutes3Bottom-eps-converted-to.pdf  used on in
put line 236.
(pdftex.def)             Requested size: 711.3189pt x 154.65353pt.
[20]
Underfull \hbox (badness 10000) in paragraph at lines 236--236

 []

) (./conceptionDetaille/conceptionDetailleCorrecteurOrhographique.tex
Underfull \hbox (badness 10000) in paragraph at lines 4--5

 []


Underfull \hbox (badness 10000) in paragraph at lines 14--15

 []


Underfull \hbox (badness 10000) in paragraph at lines 50--50

 []

Package epstopdf Info: Source file: <images/bandeau_cyan_top.eps>
(epstopdf)                    date: 2021-12-20 12:23:40
(epstopdf)                    size: 3487 bytes
(epstopdf)             Output file: <images/bandeau_cyan_top-eps-converted-to.p
df>
(epstopdf)                    date: 2021-12-20 12:23:40
(epstopdf)                    size: 2966 bytes
(epstopdf)             Command: <repstopdf --outfile=images/bandeau_cyan_top-ep
s-converted-to.pdf images/bandeau_cyan_top.eps>
(epstopdf)             \includegraphics on input line 50.
Package epstopdf Info: Output file is already uptodate.
File: images/bandeau_cyan_top-eps-converted-to.pdf Graphic file (type pdf)
<use images/bandeau_cyan_top-eps-converted-to.pdf>
Package pdftex.def Info: images/bandeau_cyan_top-eps-converted-to.pdf  used on 
input line 50.
(pdftex.def)             Requested size: 600.35315pt x 133.55193pt.
File: images/INSALogoBlanc.pdf Graphic file (type pdf)
<use images/INSALogoBlanc.pdf>
Package pdftex.def Info: images/INSALogoBlanc.pdf  used on input line 50.
(pdftex.def)             Requested size: 142.26378pt x 37.2426pt.

Package fancyhdr Warning: \headheight is too small (12.0pt): 
(fancyhdr)                Make it at least 13.59999pt, for example:
(fancyhdr)                \setlength{\headheight}{13.59999pt}.
(fancyhdr)                You might also make \topmargin smaller to compensate:

(fancyhdr)                \addtolength{\topmargin}{-1.59999pt}.


Package xcolor Warning: Incompatible color definition on input line 50.

File: images/INSALogo.pdf Graphic file (type pdf)
<use images/INSALogo.pdf>
Package pdftex.def Info: images/INSALogo.pdf  used on input line 50.
(pdftex.def)             Requested size: 194.59126pt x 49.79231pt.
File: images/rien.png Graphic file (type png)
<use images/rien.png>
Package pdftex.def Info: images/rien.png  used on input line 50.
(pdftex.def)             Requested size: 49.78433pt x 49.79231pt.
Package epstopdf Info: Source file: <images/Volutes3Bottom.eps>
(epstopdf)                    date: 2021-12-20 12:23:40
(epstopdf)                    size: 3195 bytes
(epstopdf)             Output file: <images/Volutes3Bottom-eps-converted-to.pdf
>
(epstopdf)                    date: 2021-12-20 12:23:40
(epstopdf)                    size: 2763 bytes
(epstopdf)             Command: <repstopdf --outfile=images/Volutes3Bottom-eps-
converted-to.pdf images/Volutes3Bottom.eps>
(epstopdf)             \includegraphics on input line 50.
Package epstopdf Info: Output file is already uptodate.
File: images/Volutes3Bottom-eps-converted-to.pdf Graphic file (type pdf)
<use images/Volutes3Bottom-eps-converted-to.pdf>
Package pdftex.def Info: images/Volutes3Bottom-eps-converted-to.pdf  used on in
put line 50.
(pdftex.def)             Requested size: 711.3189pt x 154.65353pt.
[21]
Underfull \hbox (badness 10000) in paragraph at lines 50--50

 []


Underfull \hbox (badness 10000) in paragraph at lines 50--50

 []


Underfull \hbox (badness 10000) in paragraph at lines 50--50

 []


Underfull \hbox (badness 10000) in paragraph at lines 50--51

 []

))
Package epstopdf Info: Source file: <images/bandeau_cyan_top.eps>
(epstopdf)                    date: 2021-12-20 12:23:40
(epstopdf)                    size: 3487 bytes
(epstopdf)             Output file: <images/bandeau_cyan_top-eps-converted-to.p
df>
(epstopdf)                    date: 2021-12-20 12:23:40
(epstopdf)                    size: 2966 bytes
(epstopdf)             Command: <repstopdf --outfile=images/bandeau_cyan_top-ep
s-converted-to.pdf images/bandeau_cyan_top.eps>
(epstopdf)             \includegraphics on input line 55.
Package epstopdf Info: Output file is already uptodate.
File: images/bandeau_cyan_top-eps-converted-to.pdf Graphic file (type pdf)
<use images/bandeau_cyan_top-eps-converted-to.pdf>
Package pdftex.def Info: images/bandeau_cyan_top-eps-converted-to.pdf  used on 
input line 55.
(pdftex.def)             Requested size: 600.35315pt x 133.55193pt.
File: images/INSALogoBlanc.pdf Graphic file (type pdf)
<use images/INSALogoBlanc.pdf>
Package pdftex.def Info: images/INSALogoBlanc.pdf  used on input line 55.
(pdftex.def)             Requested size: 142.26378pt x 37.2426pt.


Package fancyhdr Warning: \headheight is too small (12.0pt): 
(fancyhdr)                Make it at least 13.59999pt, for example:
(fancyhdr)                \setlength{\headheight}{13.59999pt}.
(fancyhdr)                You might also make \topmargin smaller to compensate:

(fancyhdr)                \addtolength{\topmargin}{-1.59999pt}.


Package xcolor Warning: Incompatible color definition on input line 55.

File: images/INSALogo.pdf Graphic file (type pdf)
<use images/INSALogo.pdf>
Package pdftex.def Info: images/INSALogo.pdf  used on input line 55.
(pdftex.def)             Requested size: 194.59126pt x 49.79231pt.
File: images/rien.png Graphic file (type png)
<use images/rien.png>
Package pdftex.def Info: images/rien.png  used on input line 55.
(pdftex.def)             Requested size: 49.78433pt x 49.79231pt.
Package epstopdf Info: Source file: <images/Volutes3Bottom.eps>
(epstopdf)                    date: 2021-12-20 12:23:40
(epstopdf)                    size: 3195 bytes
(epstopdf)             Output file: <images/Volutes3Bottom-eps-converted-to.pdf
>
(epstopdf)                    date: 2021-12-20 12:23:40
(epstopdf)                    size: 2763 bytes
(epstopdf)             Command: <repstopdf --outfile=images/Volutes3Bottom-eps-
converted-to.pdf images/Volutes3Bottom.eps>
(epstopdf)             \includegraphics on input line 55.
Package epstopdf Info: Output file is already uptodate.
File: images/Volutes3Bottom-eps-converted-to.pdf Graphic file (type pdf)
<use images/Volutes3Bottom-eps-converted-to.pdf>
Package pdftex.def Info: images/Volutes3Bottom-eps-converted-to.pdf  used on in
put line 55.
(pdftex.def)             Requested size: 711.3189pt x 154.65353pt.
[22]
\openout2 = `code/code.aux'.

 (./code/code.tex (./code/include/mot.tex) (./code/src/mot.tex)
(./code/src/testsMot.tex) (./code/include/dictionnaire.tex)
(./code/src/dictionnaire.tex) (./code/src/testsDictionnaire.tex)
(./code/include/correcteurOrthographique.tex)
(./code/src/correcteurOrthographique.tex)
(./code/src/testsCorrecteurOrthographique.tex))
Package epstopdf Info: Source file: <images/bandeau_cyan_top.eps>
(epstopdf)                    date: 2021-12-20 12:23:40
(epstopdf)                    size: 3487 bytes
(epstopdf)             Output file: <images/bandeau_cyan_top-eps-converted-to.p
df>
(epstopdf)                    date: 2021-12-20 12:23:40
(epstopdf)                    size: 2966 bytes
(epstopdf)             Command: <repstopdf --outfile=images/bandeau_cyan_top-ep
s-converted-to.pdf images/bandeau_cyan_top.eps>
(epstopdf)             \includegraphics on input line 56.
Package epstopdf Info: Output file is already uptodate.
File: images/bandeau_cyan_top-eps-converted-to.pdf Graphic file (type pdf)
<use images/bandeau_cyan_top-eps-converted-to.pdf>
Package pdftex.def Info: images/bandeau_cyan_top-eps-converted-to.pdf  used on 
input line 56.
(pdftex.def)             Requested size: 600.35315pt x 133.55193pt.
File: images/INSALogoBlanc.pdf Graphic file (type pdf)
<use images/INSALogoBlanc.pdf>
Package pdftex.def Info: images/INSALogoBlanc.pdf  used on input line 56.
(pdftex.def)             Requested size: 142.26378pt x 37.2426pt.


Package fancyhdr Warning: \headheight is too small (12.0pt): 
(fancyhdr)                Make it at least 13.59999pt, for example:
(fancyhdr)                \setlength{\headheight}{13.59999pt}.
(fancyhdr)                You might also make \topmargin smaller to compensate:

(fancyhdr)                \addtolength{\topmargin}{-1.59999pt}.


Package xcolor Warning: Incompatible color definition on input line 56.

File: images/INSALogo.pdf Graphic file (type pdf)
<use images/INSALogo.pdf>
Package pdftex.def Info: images/INSALogo.pdf  used on input line 56.
(pdftex.def)             Requested size: 194.59126pt x 49.79231pt.
File: images/rien.png Graphic file (type png)
<use images/rien.png>
Package pdftex.def Info: images/rien.png  used on input line 56.
(pdftex.def)             Requested size: 49.78433pt x 49.79231pt.
Package epstopdf Info: Source file: <images/Volutes3Bottom.eps>
(epstopdf)                    date: 2021-12-20 12:23:40
(epstopdf)                    size: 3195 bytes
(epstopdf)             Output file: <images/Volutes3Bottom-eps-converted-to.pdf
>
(epstopdf)                    date: 2021-12-20 12:23:40
(epstopdf)                    size: 2763 bytes
(epstopdf)             Command: <repstopdf --outfile=images/Volutes3Bottom-eps-
converted-to.pdf images/Volutes3Bottom.eps>
(epstopdf)             \includegraphics on input line 56.
Package epstopdf Info: Output file is already uptodate.
File: images/Volutes3Bottom-eps-converted-to.pdf Graphic file (type pdf)
<use images/Volutes3Bottom-eps-converted-to.pdf>
Package pdftex.def Info: images/Volutes3Bottom-eps-converted-to.pdf  used on in
put line 56.
(pdftex.def)             Requested size: 711.3189pt x 154.65353pt.
[23



]
\openout2 = `conclusion/conclusion.aux'.

 (./conclusion/conclusion.tex (./conclusion/conclusionAlexis.tex)
(./conclusion/conclusionRuth.tex) (./conclusion/conclusionAmina.tex)
(./conclusion/conclusionLeo.tex) (./conclusion/conclusionGenerale.tex))
Package epstopdf Info: Source file: <images/bandeau_cyan_top.eps>
(epstopdf)                    date: 2021-12-20 12:23:40
(epstopdf)                    size: 3487 bytes
(epstopdf)             Output file: <images/bandeau_cyan_top-eps-converted-to.p
df>
(epstopdf)                    date: 2021-12-20 12:23:40
(epstopdf)                    size: 2966 bytes
(epstopdf)             Command: <repstopdf --outfile=images/bandeau_cyan_top-ep
s-converted-to.pdf images/bandeau_cyan_top.eps>
(epstopdf)             \includegraphics on input line 57.
Package epstopdf Info: Output file is already uptodate.
File: images/bandeau_cyan_top-eps-converted-to.pdf Graphic file (type pdf)
<use images/bandeau_cyan_top-eps-converted-to.pdf>
Package pdftex.def Info: images/bandeau_cyan_top-eps-converted-to.pdf  used on 
input line 57.
(pdftex.def)             Requested size: 600.35315pt x 133.55193pt.
File: images/INSALogoBlanc.pdf Graphic file (type pdf)
<use images/INSALogoBlanc.pdf>
Package pdftex.def Info: images/INSALogoBlanc.pdf  used on input line 57.
(pdftex.def)             Requested size: 142.26378pt x 37.2426pt.


Package fancyhdr Warning: \headheight is too small (12.0pt): 
(fancyhdr)                Make it at least 13.59999pt, for example:
(fancyhdr)                \setlength{\headheight}{13.59999pt}.
(fancyhdr)                You might also make \topmargin smaller to compensate:

(fancyhdr)                \addtolength{\topmargin}{-1.59999pt}.


Package xcolor Warning: Incompatible color definition on input line 57.

File: images/INSALogo.pdf Graphic file (type pdf)
<use images/INSALogo.pdf>
Package pdftex.def Info: images/INSALogo.pdf  used on input line 57.
(pdftex.def)             Requested size: 194.59126pt x 49.79231pt.
File: images/rien.png Graphic file (type png)
<use images/rien.png>
Package pdftex.def Info: images/rien.png  used on input line 57.
(pdftex.def)             Requested size: 49.78433pt x 49.79231pt.
Package epstopdf Info: Source file: <images/Volutes3Bottom.eps>
(epstopdf)                    date: 2021-12-20 12:23:40
(epstopdf)                    size: 3195 bytes
(epstopdf)             Output file: <images/Volutes3Bottom-eps-converted-to.pdf
>
(epstopdf)                    date: 2021-12-20 12:23:40
(epstopdf)                    size: 2763 bytes
(epstopdf)             Command: <repstopdf --outfile=images/Volutes3Bottom-eps-
converted-to.pdf images/Volutes3Bottom.eps>
(epstopdf)             \includegraphics on input line 57.
Package epstopdf Info: Output file is already uptodate.
File: images/Volutes3Bottom-eps-converted-to.pdf Graphic file (type pdf)
<use images/Volutes3Bottom-eps-converted-to.pdf>
Package pdftex.def Info: images/Volutes3Bottom-eps-converted-to.pdf  used on in
put line 57.
(pdftex.def)             Requested size: 711.3189pt x 154.65353pt.
[24



] (./rapport.aux (./introduction.aux) (./analyse/analyse.aux)
(./conceptionPreliminaire/conceptionPreliminaire.aux)
(./conceptionDetaille/conceptionDetaille.aux) (./code/code.aux)
(./conclusion/conclusion.aux))
Package rerunfilecheck Info: File `rapport.out' has not changed.
(rerunfilecheck)             Checksum: B8DAB799FBFA46FCDD1CA22D4A422C78;3230.
 ) 
Here is how much of TeX's memory you used:
 11214 strings out of 481109
 165277 string characters out of 5912021
 964755 words of memory out of 5000000
 27734 multiletter control sequences out of 15000+600000
 418194 words of font info for 59 fonts, out of 8000000 for 9000
 81 hyphenation exceptions out of 8191
 86i,18n,97p,461b,1275s stack positions out of 5000i,500n,10000p,200000b,80000s
 </home/alexis/.texlive2020/texmf-var/fonts/pk/ljfour/jknappen/ec/ecxc1095.60
0pk> </home/alexis/.texlive2020/texmf-var/fonts/pk/ljfour/jknappen/ec/ecss1095.
600pk> </home/alexis/.texlive2020/texmf-var/fonts/pk/ljfour/jknappen/ec/ecsx109
5.600pk> </home/alexis/.texlive2020/texmf-var/fonts/pk/ljfour/jknappen/ec/tcrm1
095.600pk> </home/alexis/.texlive2020/texmf-var/fonts/pk/ljfour/jknappen/ec/ecb
x1200.600pk> </home/alexis/.texlive2020/texmf-var/fonts/pk/ljfour/jknappen/ec/e
crm1095.600pk> </home/alexis/.texlive2020/texmf-var/fonts/pk/ljfour/jknappen/ec
/ecbx1095.600pk> </home/alexis/.texlive2020/texmf-var/fonts/pk/ljfour/jknappen/
ec/ecbx1440.600pk> </home/alexis/.texlive2020/texmf-var/fonts/pk/ljfour/jknappe
n/ec/eccc1095.600pk> </home/alexis/.texlive2020/texmf-var/fonts/pk/ljfour/jknap
pen/ec/eccc1440.600pk> </home/alexis/.texlive2020/texmf-var/fonts/pk/ljfour/jkn
appen/ec/ecrm1440.600pk> </home/alexis/.texlive2020/texmf-var/fonts/pk/ljfour/j
knappen/ec/ecrm2074.600pk> </home/alexis/.texlive2020/texmf-var/fonts/pk/ljfour
/jknappen/ec/ecbx2074.600pk></usr/share/texlive/texmf-dist/fonts/type1/public/a
msfonts/cm/cmmi10.pfb></usr/share/texlive/texmf-dist/fonts/type1/public/amsfont
s/cm/cmr10.pfb></usr/share/texlive/texmf-dist/fonts/type1/public/amsfonts/cm/cm
sy10.pfb></usr/share/texlive/texmf-dist/fonts/type1/public/amsfonts/cm/cmsy8.pf
b></usr/share/texlive/texmf-dist/fonts/type1/public/amsfonts/symbols/msbm10.pfb
>
Output written on rapport.pdf (24 pages, 228675 bytes).
PDF statistics:
 886 PDF objects out of 1000 (max. 8388607)
 438 compressed objects within 5 object streams
 105 named destinations out of 1000 (max. 500000)
 385 words of extra memory for PDF output out of 10000 (max. 10000000)

