\BOOKMARK [1][-]{section.1}{Introdution}{}% 1
\BOOKMARK [2][-]{subsection.1.1}{Contexte}{section.1}% 2
\BOOKMARK [2][-]{subsection.1.2}{Cahiers des charges}{section.1}% 3
\BOOKMARK [2][-]{subsection.1.3}{Comment corriger un mot ?}{section.1}% 4
\BOOKMARK [2][-]{subsection.1.4}{Travail demand\351}{section.1}% 5
\BOOKMARK [2][-]{subsection.1.5}{Ajout}{section.1}% 6
\BOOKMARK [1][-]{section.2}{Analyse}{}% 7
\BOOKMARK [2][-]{subsection.2.1}{Pr\351sentation des TAD}{section.2}% 8
\BOOKMARK [3][-]{subsubsection.2.1.1}{TAD FichierTexte}{subsection.2.1}% 9
\BOOKMARK [3][-]{subsubsection.2.1.2}{TAD Mot}{subsection.2.1}% 10
\BOOKMARK [3][-]{subsubsection.2.1.3}{TAD Dictionnaire}{subsection.2.1}% 11
\BOOKMARK [3][-]{subsubsection.2.1.4}{TAD CorrecteurOrthographique}{subsection.2.1}% 12
\BOOKMARK [2][-]{subsection.2.2}{Analyse Descendante}{section.2}% 13
\BOOKMARK [1][-]{section.3}{Conception Pr\351liminaire}{}% 14
\BOOKMARK [2][-]{subsection.3.1}{Signature FichierTexte}{section.3}% 15
\BOOKMARK [2][-]{subsection.3.2}{Signature Mot}{section.3}% 16
\BOOKMARK [2][-]{subsection.3.3}{Signature Dictionnaire}{section.3}% 17
\BOOKMARK [2][-]{subsection.3.4}{Signature CorrecteurOrhographique}{section.3}% 18
\BOOKMARK [1][-]{section.4}{Conception D\351taill\351}{}% 19
\BOOKMARK [2][-]{subsection.4.1}{Conception D\351taill\351 du TAD Fichier Texte}{section.4}% 20
\BOOKMARK [2][-]{subsection.4.2}{Conception D\351taill\351 du TAD mot}{section.4}% 21
\BOOKMARK [2][-]{subsection.4.3}{Conception D\351taill\351 du TAD Dictionnaire}{section.4}% 22
\BOOKMARK [2][-]{subsection.4.4}{Conception D\351taill\351 du TAD Correcteur Orhographique}{section.4}% 23
\BOOKMARK [1][-]{section.5}{Impl\351mantation de la conception en C}{}% 24
\BOOKMARK [2][-]{subsection.5.1}{TAD mot}{section.5}% 25
\BOOKMARK [3][-]{subsubsection.5.1.1}{Fichier mot.h}{subsection.5.1}% 26
\BOOKMARK [3][-]{subsubsection.5.1.2}{Fichier mot.c}{subsection.5.1}% 27
\BOOKMARK [3][-]{subsubsection.5.1.3}{Fichier testsMot.c}{subsection.5.1}% 28
\BOOKMARK [2][-]{subsection.5.2}{TAD dictionnaire}{section.5}% 29
\BOOKMARK [3][-]{subsubsection.5.2.1}{Fichier dictionnaire.h}{subsection.5.2}% 30
\BOOKMARK [3][-]{subsubsection.5.2.2}{Fichier dictionnaire.c}{subsection.5.2}% 31
\BOOKMARK [3][-]{subsubsection.5.2.3}{Fichier testsDictionnaire.c}{subsection.5.2}% 32
\BOOKMARK [2][-]{subsection.5.3}{TAD correcteurOrthographique}{section.5}% 33
\BOOKMARK [3][-]{subsubsection.5.3.1}{Fichier correcteurOrthographique.h}{subsection.5.3}% 34
\BOOKMARK [3][-]{subsubsection.5.3.2}{Fichier correcteurOrthographique.c}{subsection.5.3}% 35
\BOOKMARK [3][-]{subsubsection.5.3.3}{Fichier testsCorrecteurOrthographique.c}{subsection.5.3}% 36
\BOOKMARK [1][-]{section.6}{Conclusion}{}% 37
\BOOKMARK [2][-]{subsection.6.1}{Conclusions personnelles}{section.6}% 38
\BOOKMARK [3][-]{subsubsection.6.1.1}{Conclusion Alexis Imbert}{subsection.6.1}% 39
\BOOKMARK [3][-]{subsubsection.6.1.2}{Conclusion Ruth Liot\351}{subsection.6.1}% 40
\BOOKMARK [3][-]{subsubsection.6.1.3}{Conclusion Amina Sakouti}{subsection.6.1}% 41
\BOOKMARK [3][-]{subsubsection.6.1.4}{Conclusion L\351o Zedek}{subsection.6.1}% 42
\BOOKMARK [2][-]{subsection.6.2}{conclusion g\351n\351rale du projet}{section.6}% 43
